# JRE version: Java(TM) SE Runtime Environment (8.0_201-b09) (build 1.8.0_201-b09)
# Java VM: Java HotSpot(TM) 64-Bit Server VM (25.201-b09 mixed mode windows-amd64 compressed oops)
Heap:
 PSYoungGen      total 238080K, used 152350K [0x00000000e0000000, 0x00000000f3980000, 0x0000000100000000)
  eden space 209920K, 59% used [0x00000000e0000000,0x00000000e7947c48,0x00000000ecd00000)
  from space 28160K, 99% used [0x00000000ecd00000,0x00000000ee87fd60,0x00000000ee880000)
  to   space 40448K, 0% used [0x00000000f1200000,0x00000000f1200000,0x00000000f3980000)
 ParOldGen       total 132608K, used 66608K [0x00000000a0000000, 0x00000000a8180000, 0x00000000e0000000)
  object space 132608K, 50% used [0x00000000a0000000,0x00000000a410c280,0x00000000a8180000)
 Metaspace       used 78019K, capacity 80872K, committed 80896K, reserved 1118208K
  class space    used 10608K, capacity 11260K, committed 11264K, reserved 1048576K
GC Heap History (10 events):
Event: 29.957 GC heap before
{Heap before GC invocations=14 (full 2):
 PSYoungGen      total 172544K, used 57056K [0x00000000e0000000, 0x00000000edc80000, 0x0000000100000000)
  eden space 157184K, 26% used [0x00000000e0000000,0x00000000e28bf2e8,0x00000000e9980000)
  from space 15360K, 99% used [0x00000000e9980000,0x00000000ea8790e0,0x00000000ea880000)
  to   space 19968K, 0% used [0x00000000ec900000,0x00000000ec900000,0x00000000edc80000)
 ParOldGen       total 83968K, used 28394K [0x00000000a0000000, 0x00000000a5200000, 0x00000000e0000000)
  object space 83968K, 33% used [0x00000000a0000000,0x00000000a1bba818,0x00000000a5200000)
 Metaspace       used 57115K, capacity 59066K, committed 59160K, reserved 1099776K
  class space    used 8042K, capacity 8529K, committed 8576K, reserved 1048576K
Event: 29.978 GC heap after
Heap after GC invocations=14 (full 2):
 PSYoungGen      total 205824K, used 4781K [0x00000000e0000000, 0x00000000eea00000, 0x0000000100000000)
  eden space 185856K, 0% used [0x00000000e0000000,0x00000000e0000000,0x00000000eb580000)
  from space 19968K, 23% used [0x00000000ec900000,0x00000000ecdab788,0x00000000edc80000)
  to   space 19968K, 0% used [0x00000000eb580000,0x00000000eb580000,0x00000000ec900000)
 ParOldGen       total 83968K, used 37688K [0x00000000a0000000, 0x00000000a5200000, 0x00000000e0000000)
  object space 83968K, 44% used [0x00000000a0000000,0x00000000a24ce338,0x00000000a5200000)
 Metaspace       used 57115K, capacity 59066K, committed 59160K, reserved 1099776K
  class space    used 8042K, capacity 8529K, committed 8576K, reserved 1048576K
}
Event: 29.978 GC heap before
{Heap before GC invocations=15 (full 3):
 PSYoungGen      total 205824K, used 4781K [0x00000000e0000000, 0x00000000eea00000, 0x0000000100000000)
  eden space 185856K, 0% used [0x00000000e0000000,0x00000000e0000000,0x00000000eb580000)
  from space 19968K, 23% used [0x00000000ec900000,0x00000000ecdab788,0x00000000edc80000)
  to   space 19968K, 0% used [0x00000000eb580000,0x00000000eb580000,0x00000000ec900000)
 ParOldGen       total 83968K, used 37688K [0x00000000a0000000, 0x00000000a5200000, 0x00000000e0000000)
  object space 83968K, 44% used [0x00000000a0000000,0x00000000a24ce338,0x00000000a5200000)
 Metaspace       used 57115K, capacity 59066K, committed 59160K, reserved 1099776K
  class space    used 8042K, capacity 8529K, committed 8576K, reserved 1048576K
Event: 30.634 GC heap after
Heap after GC invocations=15 (full 3):
 PSYoungGen      total 205824K, used 0K [0x00000000e0000000, 0x00000000eea00000, 0x0000000100000000)
  eden space 185856K, 0% used [0x00000000e0000000,0x00000000e0000000,0x00000000eb580000)
  from space 19968K, 0% used [0x00000000ec900000,0x00000000ec900000,0x00000000edc80000)
  to   space 19968K, 0% used [0x00000000eb580000,0x00000000eb580000,0x00000000ec900000)
 ParOldGen       total 132608K, used 35224K [0x00000000a0000000, 0x00000000a8180000, 0x00000000e0000000)
  object space 132608K, 26% used [0x00000000a0000000,0x00000000a2266310,0x00000000a8180000)
 Metaspace       used 57115K, capacity 59066K, committed 59160K, reserved 1099776K
  class space    used 8042K, capacity 8529K, committed 8576K, reserved 1048576K
}
Event: 52.874 GC heap before
{Heap before GC invocations=16 (full 3):
 PSYoungGen      total 205824K, used 185856K [0x00000000e0000000, 0x00000000eea00000, 0x0000000100000000)
  eden space 185856K, 100% used [0x00000000e0000000,0x00000000eb580000,0x00000000eb580000)
  from space 19968K, 0% used [0x00000000ec900000,0x00000000ec900000,0x00000000edc80000)
  to   space 19968K, 0% used [0x00000000eb580000,0x00000000eb580000,0x00000000ec900000)
 ParOldGen       total 132608K, used 35224K [0x00000000a0000000, 0x00000000a8180000, 0x00000000e0000000)
  object space 132608K, 26% used [0x00000000a0000000,0x00000000a2266310,0x00000000a8180000)
 Metaspace       used 59978K, capacity 62234K, committed 62464K, reserved 1103872K
  class space    used 8408K, capacity 8927K, committed 8960K, reserved 1048576K
Event: 52.913 GC heap after
Heap after GC invocations=16 (full 3):
 PSYoungGen      total 205824K, used 16815K [0x00000000e0000000, 0x00000000efd80000, 0x0000000100000000)
  eden space 185856K, 0% used [0x00000000e0000000,0x00000000e0000000,0x00000000eb580000)
  from space 19968K, 84% used [0x00000000eb580000,0x00000000ec5ebf80,0x00000000ec900000)
  to   space 21504K, 0% used [0x00000000ee880000,0x00000000ee880000,0x00000000efd80000)
 ParOldGen       total 132608K, used 35232K [0x00000000a0000000, 0x00000000a8180000, 0x00000000e0000000)
  object space 132608K, 26% used [0x00000000a0000000,0x00000000a2268310,0x00000000a8180000)
 Metaspace       used 59978K, capacity 62234K, committed 62464K, reserved 1103872K
  class space    used 8408K, capacity 8927K, committed 8960K, reserved 1048576K
}
Event: 96.338 GC heap before
{Heap before GC invocations=17 (full 3):
 PSYoungGen      total 205824K, used 202671K [0x00000000e0000000, 0x00000000efd80000, 0x0000000100000000)
  eden space 185856K, 100% used [0x00000000e0000000,0x00000000eb580000,0x00000000eb580000)
  from space 19968K, 84% used [0x00000000eb580000,0x00000000ec5ebf80,0x00000000ec900000)
  to   space 21504K, 0% used [0x00000000ee880000,0x00000000ee880000,0x00000000efd80000)
 ParOldGen       total 132608K, used 35232K [0x00000000a0000000, 0x00000000a8180000, 0x00000000e0000000)
  object space 132608K, 26% used [0x00000000a0000000,0x00000000a2268310,0x00000000a8180000)
 Metaspace       used 65111K, capacity 67654K, committed 67840K, reserved 1107968K
  class space    used 9064K, capacity 9615K, committed 9728K, reserved 1048576K
Event: 96.422 GC heap after
Heap after GC invocations=17 (full 3):
 PSYoungGen      total 231424K, used 21496K [0x00000000e0000000, 0x00000000f0600000, 0x0000000100000000)
  eden space 209920K, 0% used [0x00000000e0000000,0x00000000e0000000,0x00000000ecd00000)
  from space 21504K, 99% used [0x00000000ee880000,0x00000000efd7e080,0x00000000efd80000)
  to   space 28160K, 0% used [0x00000000ecd00000,0x00000000ecd00000,0x00000000ee880000)
 ParOldGen       total 132608K, used 44535K [0x00000000a0000000, 0x00000000a8180000, 0x00000000e0000000)
  object space 132608K, 33% used [0x00000000a0000000,0x00000000a2b7df68,0x00000000a8180000)
 Metaspace       used 65111K, capacity 67654K, committed 67840K, reserved 1107968K
  class space    used 9064K, capacity 9615K, committed 9728K, reserved 1048576K
}
Event: 148.009 GC heap before
{Heap before GC invocations=18 (full 3):
 PSYoungGen      total 231424K, used 231416K [0x00000000e0000000, 0x00000000f0600000, 0x0000000100000000)
  eden space 209920K, 100% used [0x00000000e0000000,0x00000000ecd00000,0x00000000ecd00000)
  from space 21504K, 99% used [0x00000000ee880000,0x00000000efd7e080,0x00000000efd80000)
  to   space 28160K, 0% used [0x00000000ecd00000,0x00000000ecd00000,0x00000000ee880000)
 ParOldGen       total 132608K, used 44535K [0x00000000a0000000, 0x00000000a8180000, 0x00000000e0000000)
  object space 132608K, 33% used [0x00000000a0000000,0x00000000a2b7df68,0x00000000a8180000)
 Metaspace       used 71916K, capacity 74508K, committed 74752K, reserved 1114112K
  class space    used 9812K, capacity 10400K, committed 10496K, reserved 1048576K
Event: 148.480 GC heap after
Heap after GC invocations=18 (full 3):
 PSYoungGen      total 238080K, used 28159K [0x00000000e0000000, 0x00000000f3980000, 0x0000000100000000)
  eden space 209920K, 0% used [0x00000000e0000000,0x00000000e0000000,0x00000000ecd00000)
  from space 28160K, 99% used [0x00000000ecd00000,0x00000000ee87fd60,0x00000000ee880000)
  to   space 40448K, 0% used [0x00000000f1200000,0x00000000f1200000,0x00000000f3980000)
 ParOldGen       total 132608K, used 66608K [0x00000000a0000000, 0x00000000a8180000, 0x00000000e0000000)
  object space 132608K, 50% used [0x00000000a0000000,0x00000000a410c280,0x00000000a8180000)
 Metaspace       used 71916K, capacity 74508K, committed 74752K, reserved 1114112K
  class space    used 9812K, capacity 10400K, committed 10496K, reserved 1048576K
}

