# JRE version: Java(TM) SE Runtime Environment (8.0_201-b09) (build 1.8.0_201-b09)
# Java VM: Java HotSpot(TM) 64-Bit Server VM (25.201-b09 mixed mode windows-amd64 compressed oops)
Heap:
 PSYoungGen      total 261120K, used 247068K [0x00000000e0000000, 0x00000000f1880000, 0x0000000100000000)
  eden space 243200K, 97% used [0x00000000e0000000,0x00000000ee755140,0x00000000eed80000)
  from space 17920K, 56% used [0x00000000f0700000,0x00000000f10f22a0,0x00000000f1880000)
  to   space 22016K, 0% used [0x00000000eed80000,0x00000000eed80000,0x00000000f0300000)
 ParOldGen       total 129536K, used 53418K [0x00000000a0000000, 0x00000000a7e80000, 0x00000000e0000000)
  object space 129536K, 41% used [0x00000000a0000000,0x00000000a342a990,0x00000000a7e80000)
 Metaspace       used 75118K, capacity 77568K, committed 77696K, reserved 1116160K
  class space    used 10255K, capacity 10812K, committed 10880K, reserved 1048576K
GC Heap History (10 events):
Event: 29.167 GC heap before
{Heap before GC invocations=13 (full 2):
 PSYoungGen      total 157184K, used 157168K [0x00000000e0000000, 0x00000000eae80000, 0x0000000100000000)
  eden space 144896K, 100% used [0x00000000e0000000,0x00000000e8d80000,0x00000000e8d80000)
  from space 12288K, 99% used [0x00000000ea280000,0x00000000eae7c2e8,0x00000000eae80000)
  to   space 14848K, 0% used [0x00000000e9180000,0x00000000e9180000,0x00000000ea000000)
 ParOldGen       total 84480K, used 20044K [0x00000000a0000000, 0x00000000a5280000, 0x00000000e0000000)
  object space 84480K, 23% used [0x00000000a0000000,0x00000000a1393280,0x00000000a5280000)
 Metaspace       used 54761K, capacity 56542K, committed 56576K, reserved 1097728K
  class space    used 7739K, capacity 8189K, committed 8192K, reserved 1048576K
Event: 29.397 GC heap after
Heap after GC invocations=13 (full 2):
 PSYoungGen      total 163840K, used 14844K [0x00000000e0000000, 0x00000000eed80000, 0x0000000100000000)
  eden space 148992K, 0% used [0x00000000e0000000,0x00000000e0000000,0x00000000e9180000)
  from space 14848K, 99% used [0x00000000e9180000,0x00000000e9fff2a0,0x00000000ea000000)
  to   space 19456K, 0% used [0x00000000eda80000,0x00000000eda80000,0x00000000eed80000)
 ParOldGen       total 84480K, used 27487K [0x00000000a0000000, 0x00000000a5280000, 0x00000000e0000000)
  object space 84480K, 32% used [0x00000000a0000000,0x00000000a1ad7d00,0x00000000a5280000)
 Metaspace       used 54761K, capacity 56542K, committed 56576K, reserved 1097728K
  class space    used 7739K, capacity 8189K, committed 8192K, reserved 1048576K
}
Event: 31.554 GC heap before
{Heap before GC invocations=14 (full 2):
 PSYoungGen      total 163840K, used 51802K [0x00000000e0000000, 0x00000000eed80000, 0x0000000100000000)
  eden space 148992K, 24% used [0x00000000e0000000,0x00000000e24178a0,0x00000000e9180000)
  from space 14848K, 99% used [0x00000000e9180000,0x00000000e9fff2a0,0x00000000ea000000)
  to   space 19456K, 0% used [0x00000000eda80000,0x00000000eda80000,0x00000000eed80000)
 ParOldGen       total 84480K, used 27487K [0x00000000a0000000, 0x00000000a5280000, 0x00000000e0000000)
  object space 84480K, 32% used [0x00000000a0000000,0x00000000a1ad7d00,0x00000000a5280000)
 Metaspace       used 57069K, capacity 58936K, committed 59008K, reserved 1099776K
  class space    used 8071K, capacity 8570K, committed 8576K, reserved 1048576K
Event: 31.619 GC heap after
Heap after GC invocations=14 (full 2):
 PSYoungGen      total 223744K, used 4095K [0x00000000e0000000, 0x00000000ef580000, 0x0000000100000000)
  eden space 204288K, 0% used [0x00000000e0000000,0x00000000e0000000,0x00000000ec780000)
  from space 19456K, 21% used [0x00000000eda80000,0x00000000ede7fe28,0x00000000eed80000)
  to   space 19456K, 0% used [0x00000000ec780000,0x00000000ec780000,0x00000000eda80000)
 ParOldGen       total 84480K, used 36262K [0x00000000a0000000, 0x00000000a5280000, 0x00000000e0000000)
  object space 84480K, 42% used [0x00000000a0000000,0x00000000a2369830,0x00000000a5280000)
 Metaspace       used 57069K, capacity 58936K, committed 59008K, reserved 1099776K
  class space    used 8071K, capacity 8570K, committed 8576K, reserved 1048576K
}
Event: 31.619 GC heap before
{Heap before GC invocations=15 (full 3):
 PSYoungGen      total 223744K, used 4095K [0x00000000e0000000, 0x00000000ef580000, 0x0000000100000000)
  eden space 204288K, 0% used [0x00000000e0000000,0x00000000e0000000,0x00000000ec780000)
  from space 19456K, 21% used [0x00000000eda80000,0x00000000ede7fe28,0x00000000eed80000)
  to   space 19456K, 0% used [0x00000000ec780000,0x00000000ec780000,0x00000000eda80000)
 ParOldGen       total 84480K, used 36262K [0x00000000a0000000, 0x00000000a5280000, 0x00000000e0000000)
  object space 84480K, 42% used [0x00000000a0000000,0x00000000a2369830,0x00000000a5280000)
 Metaspace       used 57069K, capacity 58936K, committed 59008K, reserved 1099776K
  class space    used 8071K, capacity 8570K, committed 8576K, reserved 1048576K
Event: 32.653 GC heap after
Heap after GC invocations=15 (full 3):
 PSYoungGen      total 223744K, used 0K [0x00000000e0000000, 0x00000000ef580000, 0x0000000100000000)
  eden space 204288K, 0% used [0x00000000e0000000,0x00000000e0000000,0x00000000ec780000)
  from space 19456K, 0% used [0x00000000eda80000,0x00000000eda80000,0x00000000eed80000)
  to   space 19456K, 0% used [0x00000000ec780000,0x00000000ec780000,0x00000000eda80000)
 ParOldGen       total 129536K, used 34015K [0x00000000a0000000, 0x00000000a7e80000, 0x00000000e0000000)
  object space 129536K, 26% used [0x00000000a0000000,0x00000000a2137c88,0x00000000a7e80000)
 Metaspace       used 57069K, capacity 58936K, committed 59008K, reserved 1099776K
  class space    used 8071K, capacity 8570K, committed 8576K, reserved 1048576K
}
Event: 48.901 GC heap before
{Heap before GC invocations=16 (full 3):
 PSYoungGen      total 223744K, used 204288K [0x00000000e0000000, 0x00000000ef580000, 0x0000000100000000)
  eden space 204288K, 100% used [0x00000000e0000000,0x00000000ec780000,0x00000000ec780000)
  from space 19456K, 0% used [0x00000000eda80000,0x00000000eda80000,0x00000000eed80000)
  to   space 19456K, 0% used [0x00000000ec780000,0x00000000ec780000,0x00000000eda80000)
 ParOldGen       total 129536K, used 34015K [0x00000000a0000000, 0x00000000a7e80000, 0x00000000e0000000)
  object space 129536K, 26% used [0x00000000a0000000,0x00000000a2137c88,0x00000000a7e80000)
 Metaspace       used 63265K, capacity 65458K, committed 65792K, reserved 1105920K
  class space    used 8806K, capacity 9363K, committed 9472K, reserved 1048576K
Event: 48.981 GC heap after
Heap after GC invocations=16 (full 3):
 PSYoungGen      total 223744K, used 19436K [0x00000000e0000000, 0x00000000f1d80000, 0x0000000100000000)
  eden space 204288K, 0% used [0x00000000e0000000,0x00000000e0000000,0x00000000ec780000)
  from space 19456K, 99% used [0x00000000ec780000,0x00000000eda7b228,0x00000000eda80000)
  to   space 23040K, 0% used [0x00000000f0700000,0x00000000f0700000,0x00000000f1d80000)
 ParOldGen       total 129536K, used 36161K [0x00000000a0000000, 0x00000000a7e80000, 0x00000000e0000000)
  object space 129536K, 27% used [0x00000000a0000000,0x00000000a2350538,0x00000000a7e80000)
 Metaspace       used 63265K, capacity 65458K, committed 65792K, reserved 1105920K
  class space    used 8806K, capacity 9363K, committed 9472K, reserved 1048576K
}
Event: 59.957 GC heap before
{Heap before GC invocations=17 (full 3):
 PSYoungGen      total 223744K, used 223724K [0x00000000e0000000, 0x00000000f1d80000, 0x0000000100000000)
  eden space 204288K, 100% used [0x00000000e0000000,0x00000000ec780000,0x00000000ec780000)
  from space 19456K, 99% used [0x00000000ec780000,0x00000000eda7b228,0x00000000eda80000)
  to   space 23040K, 0% used [0x00000000f0700000,0x00000000f0700000,0x00000000f1d80000)
 ParOldGen       total 129536K, used 36161K [0x00000000a0000000, 0x00000000a7e80000, 0x00000000e0000000)
  object space 129536K, 27% used [0x00000000a0000000,0x00000000a2350538,0x00000000a7e80000)
 Metaspace       used 66787K, capacity 69164K, committed 69248K, reserved 1107968K
  class space    used 9239K, capacity 9788K, committed 9856K, reserved 1048576K
Event: 60.062 GC heap after
Heap after GC invocations=17 (full 3):
 PSYoungGen      total 261120K, used 10184K [0x00000000e0000000, 0x00000000f1880000, 0x0000000100000000)
  eden space 243200K, 0% used [0x00000000e0000000,0x00000000e0000000,0x00000000eed80000)
  from space 17920K, 56% used [0x00000000f0700000,0x00000000f10f22a0,0x00000000f1880000)
  to   space 22016K, 0% used [0x00000000eed80000,0x00000000eed80000,0x00000000f0300000)
 ParOldGen       total 129536K, used 53418K [0x00000000a0000000, 0x00000000a7e80000, 0x00000000e0000000)
  object space 129536K, 41% used [0x00000000a0000000,0x00000000a342a990,0x00000000a7e80000)
 Metaspace       used 66787K, capacity 69164K, committed 69248K, reserved 1107968K
  class space    used 9239K, capacity 9788K, committed 9856K, reserved 1048576K
}

