# JRE version: Java(TM) SE Runtime Environment (8.0_201-b09) (build 1.8.0_201-b09)
# Java VM: Java HotSpot(TM) 64-Bit Server VM (25.201-b09 mixed mode windows-amd64 compressed oops)
Heap:
 PSYoungGen      total 267776K, used 51229K [0x00000000e0000000, 0x00000000f2900000, 0x0000000100000000)
  eden space 247808K, 12% used [0x00000000e0000000,0x00000000e1eca7f8,0x00000000ef200000)
  from space 19968K, 98% used [0x00000000efb00000,0x00000000f0e3cee0,0x00000000f0e80000)
  to   space 27136K, 0% used [0x00000000f0e80000,0x00000000f0e80000,0x00000000f2900000)
 ParOldGen       total 130560K, used 75909K [0x00000000a0000000, 0x00000000a7f80000, 0x00000000e0000000)
  object space 130560K, 58% used [0x00000000a0000000,0x00000000a4a21430,0x00000000a7f80000)
 Metaspace       used 81690K, capacity 85744K, committed 85976K, reserved 1124352K
  class space    used 10822K, capacity 11713K, committed 11776K, reserved 1048576K
GC Heap History (10 events):
Event: 19.799 GC heap before
{Heap before GC invocations=16 (full 3):
 PSYoungGen      total 213504K, used 195072K [0x00000000e0000000, 0x00000000eff80000, 0x0000000100000000)
  eden space 195072K, 100% used [0x00000000e0000000,0x00000000ebe80000,0x00000000ebe80000)
  from space 18432K, 0% used [0x00000000ed000000,0x00000000ed000000,0x00000000ee200000)
  to   space 17920K, 0% used [0x00000000ebe80000,0x00000000ebe80000,0x00000000ed000000)
 ParOldGen       total 130560K, used 36161K [0x00000000a0000000, 0x00000000a7f80000, 0x00000000e0000000)
  object space 130560K, 27% used [0x00000000a0000000,0x00000000a23507b0,0x00000000a7f80000)
 Metaspace       used 66594K, capacity 68966K, committed 69080K, reserved 1107968K
  class space    used 9301K, capacity 9893K, committed 9984K, reserved 1048576K
Event: 19.821 GC heap after
Heap after GC invocations=16 (full 3):
 PSYoungGen      total 212992K, used 17891K [0x00000000e0000000, 0x00000000f0d80000, 0x0000000100000000)
  eden space 195072K, 0% used [0x00000000e0000000,0x00000000e0000000,0x00000000ebe80000)
  from space 17920K, 99% used [0x00000000ebe80000,0x00000000ecff8f48,0x00000000ed000000)
  to   space 19968K, 0% used [0x00000000efa00000,0x00000000efa00000,0x00000000f0d80000)
 ParOldGen       total 130560K, used 36370K [0x00000000a0000000, 0x00000000a7f80000, 0x00000000e0000000)
  object space 130560K, 27% used [0x00000000a0000000,0x00000000a2384930,0x00000000a7f80000)
 Metaspace       used 66594K, capacity 68966K, committed 69080K, reserved 1107968K
  class space    used 9301K, capacity 9893K, committed 9984K, reserved 1048576K
}
Event: 28.074 GC heap before
{Heap before GC invocations=17 (full 3):
 PSYoungGen      total 212992K, used 212962K [0x00000000e0000000, 0x00000000f0d80000, 0x0000000100000000)
  eden space 195072K, 99% used [0x00000000e0000000,0x00000000ebe7fa80,0x00000000ebe80000)
  from space 17920K, 99% used [0x00000000ebe80000,0x00000000ecff8f48,0x00000000ed000000)
  to   space 19968K, 0% used [0x00000000efa00000,0x00000000efa00000,0x00000000f0d80000)
 ParOldGen       total 130560K, used 36370K [0x00000000a0000000, 0x00000000a7f80000, 0x00000000e0000000)
  object space 130560K, 27% used [0x00000000a0000000,0x00000000a2384930,0x00000000a7f80000)
 Metaspace       used 71400K, capacity 74224K, committed 74456K, reserved 1114112K
  class space    used 9840K, capacity 10422K, committed 10496K, reserved 1048576K
Event: 28.102 GC heap after
Heap after GC invocations=17 (full 3):
 PSYoungGen      total 245760K, used 15031K [0x00000000e0000000, 0x00000000f0980000, 0x0000000100000000)
  eden space 229888K, 0% used [0x00000000e0000000,0x00000000e0000000,0x00000000ee080000)
  from space 15872K, 94% used [0x00000000efa00000,0x00000000f08ade08,0x00000000f0980000)
  to   space 20992K, 0% used [0x00000000ee080000,0x00000000ee080000,0x00000000ef500000)
 ParOldGen       total 130560K, used 47935K [0x00000000a0000000, 0x00000000a7f80000, 0x00000000e0000000)
  object space 130560K, 36% used [0x00000000a0000000,0x00000000a2ecff20,0x00000000a7f80000)
 Metaspace       used 71400K, capacity 74224K, committed 74456K, reserved 1114112K
  class space    used 9840K, capacity 10422K, committed 10496K, reserved 1048576K
}
Event: 148.158 GC heap before
{Heap before GC invocations=18 (full 3):
 PSYoungGen      total 245760K, used 244919K [0x00000000e0000000, 0x00000000f0980000, 0x0000000100000000)
  eden space 229888K, 100% used [0x00000000e0000000,0x00000000ee080000,0x00000000ee080000)
  from space 15872K, 94% used [0x00000000efa00000,0x00000000f08ade08,0x00000000f0980000)
  to   space 20992K, 0% used [0x00000000ee080000,0x00000000ee080000,0x00000000ef500000)
 ParOldGen       total 130560K, used 47935K [0x00000000a0000000, 0x00000000a7f80000, 0x00000000e0000000)
  object space 130560K, 36% used [0x00000000a0000000,0x00000000a2ecff20,0x00000000a7f80000)
 Metaspace       used 78148K, capacity 81718K, committed 81880K, reserved 1120256K
  class space    used 10466K, capacity 11259K, committed 11264K, reserved 1048576K
Event: 148.186 GC heap after
Heap after GC invocations=18 (full 3):
 PSYoungGen      total 250880K, used 20981K [0x00000000e0000000, 0x00000000f3680000, 0x0000000100000000)
  eden space 229888K, 0% used [0x00000000e0000000,0x00000000e0000000,0x00000000ee080000)
  from space 20992K, 99% used [0x00000000ee080000,0x00000000ef4fd600,0x00000000ef500000)
  to   space 27136K, 0% used [0x00000000f1c00000,0x00000000f1c00000,0x00000000f3680000)
 ParOldGen       total 130560K, used 56703K [0x00000000a0000000, 0x00000000a7f80000, 0x00000000e0000000)
  object space 130560K, 43% used [0x00000000a0000000,0x00000000a375ff08,0x00000000a7f80000)
 Metaspace       used 78148K, capacity 81718K, committed 81880K, reserved 1120256K
  class space    used 10466K, capacity 11259K, committed 11264K, reserved 1048576K
}
Event: 595.709 GC heap before
{Heap before GC invocations=19 (full 3):
 PSYoungGen      total 250880K, used 250869K [0x00000000e0000000, 0x00000000f3680000, 0x0000000100000000)
  eden space 229888K, 100% used [0x00000000e0000000,0x00000000ee080000,0x00000000ee080000)
  from space 20992K, 99% used [0x00000000ee080000,0x00000000ef4fd600,0x00000000ef500000)
  to   space 27136K, 0% used [0x00000000f1c00000,0x00000000f1c00000,0x00000000f3680000)
 ParOldGen       total 130560K, used 56703K [0x00000000a0000000, 0x00000000a7f80000, 0x00000000e0000000)
  object space 130560K, 43% used [0x00000000a0000000,0x00000000a375ff08,0x00000000a7f80000)
 Metaspace       used 79732K, capacity 83496K, committed 83672K, reserved 1122304K
  class space    used 10597K, capacity 11415K, committed 11520K, reserved 1048576K
Event: 595.743 GC heap after
Heap after GC invocations=19 (full 3):
 PSYoungGen      total 276480K, used 15551K [0x00000000e0000000, 0x00000000f2f00000, 0x0000000100000000)
  eden space 257024K, 0% used [0x00000000e0000000,0x00000000e0000000,0x00000000efb00000)
  from space 19456K, 79% used [0x00000000f1c00000,0x00000000f2b2fe68,0x00000000f2f00000)
  to   space 26624K, 0% used [0x00000000efb00000,0x00000000efb00000,0x00000000f1500000)
 ParOldGen       total 130560K, used 75901K [0x00000000a0000000, 0x00000000a7f80000, 0x00000000e0000000)
  object space 130560K, 58% used [0x00000000a0000000,0x00000000a4a1f430,0x00000000a7f80000)
 Metaspace       used 79732K, capacity 83496K, committed 83672K, reserved 1122304K
  class space    used 10597K, capacity 11415K, committed 11520K, reserved 1048576K
}
Event: 7600.251 GC heap before
{Heap before GC invocations=20 (full 3):
 PSYoungGen      total 276480K, used 272575K [0x00000000e0000000, 0x00000000f2f00000, 0x0000000100000000)
  eden space 257024K, 100% used [0x00000000e0000000,0x00000000efb00000,0x00000000efb00000)
  from space 19456K, 79% used [0x00000000f1c00000,0x00000000f2b2fe68,0x00000000f2f00000)
  to   space 26624K, 0% used [0x00000000efb00000,0x00000000efb00000,0x00000000f1500000)
 ParOldGen       total 130560K, used 75901K [0x00000000a0000000, 0x00000000a7f80000, 0x00000000e0000000)
  object space 130560K, 58% used [0x00000000a0000000,0x00000000a4a1f430,0x00000000a7f80000)
 Metaspace       used 81293K, capacity 85306K, committed 85464K, reserved 1122304K
  class space    used 10762K, capacity 11678K, committed 11776K, reserved 1048576K
Event: 7600.765 GC heap after
Heap after GC invocations=20 (full 3):
 PSYoungGen      total 267776K, used 19699K [0x00000000e0000000, 0x00000000f2900000, 0x0000000100000000)
  eden space 247808K, 0% used [0x00000000e0000000,0x00000000e0000000,0x00000000ef200000)
  from space 19968K, 98% used [0x00000000efb00000,0x00000000f0e3cee0,0x00000000f0e80000)
  to   space 27136K, 0% used [0x00000000f0e80000,0x00000000f0e80000,0x00000000f2900000)
 ParOldGen       total 130560K, used 75909K [0x00000000a0000000, 0x00000000a7f80000, 0x00000000e0000000)
  object space 130560K, 58% used [0x00000000a0000000,0x00000000a4a21430,0x00000000a7f80000)
 Metaspace       used 81293K, capacity 85306K, committed 85464K, reserved 1122304K
  class space    used 10762K, capacity 11678K, committed 11776K, reserved 1048576K
}

