# JRE version: Java(TM) SE Runtime Environment (8.0_201-b09) (build 1.8.0_201-b09)
# Java VM: Java HotSpot(TM) 64-Bit Server VM (25.201-b09 mixed mode windows-amd64 compressed oops)
Heap:
 PSYoungGen      total 128512K, used 13254K [0x00000000e0000000, 0x00000000e8980000, 0x0000000100000000)
  eden space 117248K, 3% used [0x00000000e0000000,0x00000000e045c310,0x00000000e7280000)
  from space 11264K, 78% used [0x00000000e7e80000,0x00000000e8715700,0x00000000e8980000)
  to   space 11776K, 0% used [0x00000000e7280000,0x00000000e7280000,0x00000000e7e00000)
 ParOldGen       total 58368K, used 11466K [0x00000000a0000000, 0x00000000a3900000, 0x00000000e0000000)
  object space 58368K, 19% used [0x00000000a0000000,0x00000000a0b32aa0,0x00000000a3900000)
 Metaspace       used 32168K, capacity 32852K, committed 33152K, reserved 1077248K
  class space    used 4517K, capacity 4719K, committed 4736K, reserved 1048576K
GC Heap History (10 events):
Event: 19.964 GC heap before
{Heap before GC invocations=5 (full 0):
 PSYoungGen      total 38400K, used 38393K [0x00000000e0000000, 0x00000000e4b00000, 0x0000000100000000)
  eden space 33280K, 100% used [0x00000000e0000000,0x00000000e2080000,0x00000000e2080000)
  from space 5120K, 99% used [0x00000000e2580000,0x00000000e2a7e640,0x00000000e2a80000)
  to   space 5120K, 0% used [0x00000000e2080000,0x00000000e2080000,0x00000000e2580000)
 ParOldGen       total 87552K, used 4220K [0x00000000a0000000, 0x00000000a5580000, 0x00000000e0000000)
  object space 87552K, 4% used [0x00000000a0000000,0x00000000a041f2c8,0x00000000a5580000)
 Metaspace       used 17842K, capacity 18288K, committed 18432K, reserved 1064960K
  class space    used 2618K, capacity 2760K, committed 2816K, reserved 1048576K
Event: 19.990 GC heap after
Heap after GC invocations=5 (full 0):
 PSYoungGen      total 38400K, used 5113K [0x00000000e0000000, 0x00000000e5600000, 0x0000000100000000)
  eden space 33280K, 0% used [0x00000000e0000000,0x00000000e0000000,0x00000000e2080000)
  from space 5120K, 99% used [0x00000000e2080000,0x00000000e257e620,0x00000000e2580000)
  to   space 10752K, 0% used [0x00000000e4b80000,0x00000000e4b80000,0x00000000e5600000)
 ParOldGen       total 87552K, used 7982K [0x00000000a0000000, 0x00000000a5580000, 0x00000000e0000000)
  object space 87552K, 9% used [0x00000000a0000000,0x00000000a07cbb38,0x00000000a5580000)
 Metaspace       used 17842K, capacity 18288K, committed 18432K, reserved 1064960K
  class space    used 2618K, capacity 2760K, committed 2816K, reserved 1048576K
}
Event: 20.981 GC heap before
{Heap before GC invocations=6 (full 0):
 PSYoungGen      total 38400K, used 31408K [0x00000000e0000000, 0x00000000e5600000, 0x0000000100000000)
  eden space 33280K, 79% used [0x00000000e0000000,0x00000000e19adba8,0x00000000e2080000)
  from space 5120K, 99% used [0x00000000e2080000,0x00000000e257e620,0x00000000e2580000)
  to   space 10752K, 0% used [0x00000000e4b80000,0x00000000e4b80000,0x00000000e5600000)
 ParOldGen       total 87552K, used 7982K [0x00000000a0000000, 0x00000000a5580000, 0x00000000e0000000)
  object space 87552K, 9% used [0x00000000a0000000,0x00000000a07cbb38,0x00000000a5580000)
 Metaspace       used 20499K, capacity 21106K, committed 21296K, reserved 1067008K
  class space    used 3021K, capacity 3197K, committed 3200K, reserved 1048576K
Event: 20.998 GC heap after
Heap after GC invocations=6 (full 0):
 PSYoungGen      total 76800K, used 8399K [0x00000000e0000000, 0x00000000e5700000, 0x0000000100000000)
  eden space 66048K, 0% used [0x00000000e0000000,0x00000000e0000000,0x00000000e4080000)
  from space 10752K, 78% used [0x00000000e4b80000,0x00000000e53b3cb0,0x00000000e5600000)
  to   space 11264K, 0% used [0x00000000e4080000,0x00000000e4080000,0x00000000e4b80000)
 ParOldGen       total 87552K, used 7990K [0x00000000a0000000, 0x00000000a5580000, 0x00000000e0000000)
  object space 87552K, 9% used [0x00000000a0000000,0x00000000a07cdb38,0x00000000a5580000)
 Metaspace       used 20499K, capacity 21106K, committed 21296K, reserved 1067008K
  class space    used 3021K, capacity 3197K, committed 3200K, reserved 1048576K
}
Event: 20.998 GC heap before
{Heap before GC invocations=7 (full 1):
 PSYoungGen      total 76800K, used 8399K [0x00000000e0000000, 0x00000000e5700000, 0x0000000100000000)
  eden space 66048K, 0% used [0x00000000e0000000,0x00000000e0000000,0x00000000e4080000)
  from space 10752K, 78% used [0x00000000e4b80000,0x00000000e53b3cb0,0x00000000e5600000)
  to   space 11264K, 0% used [0x00000000e4080000,0x00000000e4080000,0x00000000e4b80000)
 ParOldGen       total 87552K, used 7990K [0x00000000a0000000, 0x00000000a5580000, 0x00000000e0000000)
  object space 87552K, 9% used [0x00000000a0000000,0x00000000a07cdb38,0x00000000a5580000)
 Metaspace       used 20499K, capacity 21106K, committed 21296K, reserved 1067008K
  class space    used 3021K, capacity 3197K, committed 3200K, reserved 1048576K
Event: 21.112 GC heap after
Heap after GC invocations=7 (full 1):
 PSYoungGen      total 76800K, used 0K [0x00000000e0000000, 0x00000000e5700000, 0x0000000100000000)
  eden space 66048K, 0% used [0x00000000e0000000,0x00000000e0000000,0x00000000e4080000)
  from space 10752K, 0% used [0x00000000e4b80000,0x00000000e4b80000,0x00000000e5600000)
  to   space 11264K, 0% used [0x00000000e4080000,0x00000000e4080000,0x00000000e4b80000)
 ParOldGen       total 58368K, used 11432K [0x00000000a0000000, 0x00000000a3900000, 0x00000000e0000000)
  object space 58368K, 19% used [0x00000000a0000000,0x00000000a0b2a188,0x00000000a3900000)
 Metaspace       used 20499K, capacity 21106K, committed 21296K, reserved 1067008K
  class space    used 3021K, capacity 3197K, committed 3200K, reserved 1048576K
}
Event: 26.221 GC heap before
{Heap before GC invocations=8 (full 1):
 PSYoungGen      total 76800K, used 66048K [0x00000000e0000000, 0x00000000e5700000, 0x0000000100000000)
  eden space 66048K, 100% used [0x00000000e0000000,0x00000000e4080000,0x00000000e4080000)
  from space 10752K, 0% used [0x00000000e4b80000,0x00000000e4b80000,0x00000000e5600000)
  to   space 11264K, 0% used [0x00000000e4080000,0x00000000e4080000,0x00000000e4b80000)
 ParOldGen       total 58368K, used 11447K [0x00000000a0000000, 0x00000000a3900000, 0x00000000e0000000)
  object space 58368K, 19% used [0x00000000a0000000,0x00000000a0b2dcf0,0x00000000a3900000)
 Metaspace       used 29175K, capacity 29744K, committed 30080K, reserved 1075200K
  class space    used 4014K, capacity 4195K, committed 4224K, reserved 1048576K
Event: 26.420 GC heap after
Heap after GC invocations=8 (full 1):
 PSYoungGen      total 77312K, used 8468K [0x00000000e0000000, 0x00000000e8980000, 0x0000000100000000)
  eden space 66048K, 0% used [0x00000000e0000000,0x00000000e0000000,0x00000000e4080000)
  from space 11264K, 75% used [0x00000000e4080000,0x00000000e48c5148,0x00000000e4b80000)
  to   space 11264K, 0% used [0x00000000e7e80000,0x00000000e7e80000,0x00000000e8980000)
 ParOldGen       total 58368K, used 11455K [0x00000000a0000000, 0x00000000a3900000, 0x00000000e0000000)
  object space 58368K, 19% used [0x00000000a0000000,0x00000000a0b2fcf0,0x00000000a3900000)
 Metaspace       used 29175K, capacity 29744K, committed 30080K, reserved 1075200K
  class space    used 4014K, capacity 4195K, committed 4224K, reserved 1048576K
}
Event: 33.506 GC heap before
{Heap before GC invocations=9 (full 1):
 PSYoungGen      total 77312K, used 74516K [0x00000000e0000000, 0x00000000e8980000, 0x0000000100000000)
  eden space 66048K, 100% used [0x00000000e0000000,0x00000000e4080000,0x00000000e4080000)
  from space 11264K, 75% used [0x00000000e4080000,0x00000000e48c5148,0x00000000e4b80000)
  to   space 11264K, 0% used [0x00000000e7e80000,0x00000000e7e80000,0x00000000e8980000)
 ParOldGen       total 58368K, used 11458K [0x00000000a0000000, 0x00000000a3900000, 0x00000000e0000000)
  object space 58368K, 19% used [0x00000000a0000000,0x00000000a0b30aa0,0x00000000a3900000)
 Metaspace       used 32030K, capacity 32660K, committed 32896K, reserved 1077248K
  class space    used 4496K, capacity 4719K, committed 4736K, reserved 1048576K
Event: 33.606 GC heap after
Heap after GC invocations=9 (full 1):
 PSYoungGen      total 128512K, used 8789K [0x00000000e0000000, 0x00000000e8980000, 0x0000000100000000)
  eden space 117248K, 0% used [0x00000000e0000000,0x00000000e0000000,0x00000000e7280000)
  from space 11264K, 78% used [0x00000000e7e80000,0x00000000e8715700,0x00000000e8980000)
  to   space 11776K, 0% used [0x00000000e7280000,0x00000000e7280000,0x00000000e7e00000)
 ParOldGen       total 58368K, used 11466K [0x00000000a0000000, 0x00000000a3900000, 0x00000000e0000000)
  object space 58368K, 19% used [0x00000000a0000000,0x00000000a0b32aa0,0x00000000a3900000)
 Metaspace       used 32030K, capacity 32660K, committed 32896K, reserved 1077248K
  class space    used 4496K, capacity 4719K, committed 4736K, reserved 1048576K
}

