# JRE version: Java(TM) SE Runtime Environment (8.0_201-b09) (build 1.8.0_201-b09)
# Java VM: Java HotSpot(TM) 64-Bit Server VM (25.201-b09 mixed mode windows-amd64 compressed oops)
Heap:
 PSYoungGen      total 366592K, used 115647K [0x00000000e0000000, 0x00000000fcd80000, 0x0000000100000000)
  eden space 260608K, 32% used [0x00000000e0000000,0x00000000e535b538,0x00000000efe80000)
  from space 105984K, 28% used [0x00000000efe80000,0x00000000f1c14a98,0x00000000f6600000)
  to   space 89088K, 0% used [0x00000000f7680000,0x00000000f7680000,0x00000000fcd80000)
 ParOldGen       total 429056K, used 247780K [0x00000000a0000000, 0x00000000ba300000, 0x00000000e0000000)
  object space 429056K, 57% used [0x00000000a0000000,0x00000000af1f91d8,0x00000000ba300000)
 Metaspace       used 95599K, capacity 100446K, committed 100608K, reserved 1136640K
  class space    used 12421K, capacity 13293K, committed 13312K, reserved 1048576K
GC Heap History (10 events):
Event: 1422.008 GC heap before
{Heap before GC invocations=38 (full 4):
 PSYoungGen      total 269824K, used 269819K [0x00000000e0000000, 0x00000000fab80000, 0x0000000100000000)
  eden space 197632K, 100% used [0x00000000e0000000,0x00000000ec100000,0x00000000ec100000)
  from space 72192K, 99% used [0x00000000ec100000,0x00000000f077edf0,0x00000000f0780000)
  to   space 99328K, 0% used [0x00000000f4a80000,0x00000000f4a80000,0x00000000fab80000)
 ParOldGen       total 224256K, used 141649K [0x00000000a0000000, 0x00000000adb00000, 0x00000000e0000000)
  object space 224256K, 63% used [0x00000000a0000000,0x00000000a8a54470,0x00000000adb00000)
 Metaspace       used 92287K, capacity 96824K, committed 97024K, reserved 1134592K
  class space    used 11891K, capacity 12714K, committed 12800K, reserved 1048576K
Event: 1422.480 GC heap after
Heap after GC invocations=38 (full 4):
 PSYoungGen      total 330240K, used 78584K [0x00000000e0000000, 0x00000000fbb80000, 0x0000000100000000)
  eden space 230912K, 0% used [0x00000000e0000000,0x00000000e0000000,0x00000000ee180000)
  from space 99328K, 79% used [0x00000000f4a80000,0x00000000f973e130,0x00000000fab80000)
  to   space 107520K, 0% used [0x00000000ee180000,0x00000000ee180000,0x00000000f4a80000)
 ParOldGen       total 224256K, used 166734K [0x00000000a0000000, 0x00000000adb00000, 0x00000000e0000000)
  object space 224256K, 74% used [0x00000000a0000000,0x00000000aa2d39f8,0x00000000adb00000)
 Metaspace       used 92287K, capacity 96824K, committed 97024K, reserved 1134592K
  class space    used 11891K, capacity 12714K, committed 12800K, reserved 1048576K
}
Event: 1425.144 GC heap before
{Heap before GC invocations=39 (full 4):
 PSYoungGen      total 330240K, used 309496K [0x00000000e0000000, 0x00000000fbb80000, 0x0000000100000000)
  eden space 230912K, 100% used [0x00000000e0000000,0x00000000ee180000,0x00000000ee180000)
  from space 99328K, 79% used [0x00000000f4a80000,0x00000000f973e130,0x00000000fab80000)
  to   space 107520K, 0% used [0x00000000ee180000,0x00000000ee180000,0x00000000f4a80000)
 ParOldGen       total 224256K, used 166734K [0x00000000a0000000, 0x00000000adb00000, 0x00000000e0000000)
  object space 224256K, 74% used [0x00000000a0000000,0x00000000aa2d39f8,0x00000000adb00000)
 Metaspace       used 92337K, capacity 96888K, committed 97280K, reserved 1134592K
  class space    used 11891K, capacity 12714K, committed 12800K, reserved 1048576K
Event: 1425.317 GC heap after
Heap after GC invocations=39 (full 4):
 PSYoungGen      total 338432K, used 19890K [0x00000000e0000000, 0x00000000fdd80000, 0x0000000100000000)
  eden space 230912K, 0% used [0x00000000e0000000,0x00000000e0000000,0x00000000ee180000)
  from space 107520K, 18% used [0x00000000ee180000,0x00000000ef4ec818,0x00000000f4a80000)
  to   space 105472K, 0% used [0x00000000f7680000,0x00000000f7680000,0x00000000fdd80000)
 ParOldGen       total 245248K, used 244740K [0x00000000a0000000, 0x00000000aef80000, 0x00000000e0000000)
  object space 245248K, 99% used [0x00000000a0000000,0x00000000aef01140,0x00000000aef80000)
 Metaspace       used 92337K, capacity 96888K, committed 97280K, reserved 1134592K
  class space    used 11891K, capacity 12714K, committed 12800K, reserved 1048576K
}
Event: 1425.319 GC heap before
{Heap before GC invocations=40 (full 5):
 PSYoungGen      total 338432K, used 19890K [0x00000000e0000000, 0x00000000fdd80000, 0x0000000100000000)
  eden space 230912K, 0% used [0x00000000e0000000,0x00000000e0000000,0x00000000ee180000)
  from space 107520K, 18% used [0x00000000ee180000,0x00000000ef4ec818,0x00000000f4a80000)
  to   space 105472K, 0% used [0x00000000f7680000,0x00000000f7680000,0x00000000fdd80000)
 ParOldGen       total 245248K, used 244740K [0x00000000a0000000, 0x00000000aef80000, 0x00000000e0000000)
  object space 245248K, 99% used [0x00000000a0000000,0x00000000aef01140,0x00000000aef80000)
 Metaspace       used 92337K, capacity 96888K, committed 97280K, reserved 1134592K
  class space    used 11891K, capacity 12714K, committed 12800K, reserved 1048576K
Event: 1428.420 GC heap after
Heap after GC invocations=40 (full 5):
 PSYoungGen      total 338432K, used 1367K [0x00000000e0000000, 0x00000000fdd80000, 0x0000000100000000)
  eden space 230912K, 0% used [0x00000000e0000000,0x00000000e0000000,0x00000000ee180000)
  from space 107520K, 1% used [0x00000000ee180000,0x00000000ee2d5c38,0x00000000f4a80000)
  to   space 105472K, 0% used [0x00000000f7680000,0x00000000f7680000,0x00000000fdd80000)
 ParOldGen       total 429056K, used 244980K [0x00000000a0000000, 0x00000000ba300000, 0x00000000e0000000)
  object space 429056K, 57% used [0x00000000a0000000,0x00000000aef3d0f0,0x00000000ba300000)
 Metaspace       used 92337K, capacity 96888K, committed 97280K, reserved 1134592K
  class space    used 11891K, capacity 12714K, committed 12800K, reserved 1048576K
}
Event: 1444.673 GC heap before
{Heap before GC invocations=41 (full 5):
 PSYoungGen      total 338432K, used 232279K [0x00000000e0000000, 0x00000000fdd80000, 0x0000000100000000)
  eden space 230912K, 100% used [0x00000000e0000000,0x00000000ee180000,0x00000000ee180000)
  from space 107520K, 1% used [0x00000000ee180000,0x00000000ee2d5c38,0x00000000f4a80000)
  to   space 105472K, 0% used [0x00000000f7680000,0x00000000f7680000,0x00000000fdd80000)
 ParOldGen       total 429056K, used 244980K [0x00000000a0000000, 0x00000000ba300000, 0x00000000e0000000)
  object space 429056K, 57% used [0x00000000a0000000,0x00000000aef3d0f0,0x00000000ba300000)
 Metaspace       used 93028K, capacity 97712K, committed 97920K, reserved 1134592K
  class space    used 11980K, capacity 12840K, committed 12928K, reserved 1048576K
Event: 1444.753 GC heap after
Heap after GC invocations=41 (full 5):
 PSYoungGen      total 349696K, used 2697K [0x00000000e0000000, 0x00000000fcd80000, 0x0000000100000000)
  eden space 260608K, 0% used [0x00000000e0000000,0x00000000e0000000,0x00000000efe80000)
  from space 89088K, 3% used [0x00000000f7680000,0x00000000f7922428,0x00000000fcd80000)
  to   space 105984K, 0% used [0x00000000efe80000,0x00000000efe80000,0x00000000f6600000)
 ParOldGen       total 429056K, used 246372K [0x00000000a0000000, 0x00000000ba300000, 0x00000000e0000000)
  object space 429056K, 57% used [0x00000000a0000000,0x00000000af099178,0x00000000ba300000)
 Metaspace       used 93028K, capacity 97712K, committed 97920K, reserved 1134592K
  class space    used 11980K, capacity 12840K, committed 12928K, reserved 1048576K
}
Event: 1483.908 GC heap before
{Heap before GC invocations=42 (full 5):
 PSYoungGen      total 349696K, used 263305K [0x00000000e0000000, 0x00000000fcd80000, 0x0000000100000000)
  eden space 260608K, 100% used [0x00000000e0000000,0x00000000efe80000,0x00000000efe80000)
  from space 89088K, 3% used [0x00000000f7680000,0x00000000f7922428,0x00000000fcd80000)
  to   space 105984K, 0% used [0x00000000efe80000,0x00000000efe80000,0x00000000f6600000)
 ParOldGen       total 429056K, used 246372K [0x00000000a0000000, 0x00000000ba300000, 0x00000000e0000000)
  object space 429056K, 57% used [0x00000000a0000000,0x00000000af099178,0x00000000ba300000)
 Metaspace       used 95521K, capacity 100318K, committed 100352K, reserved 1136640K
  class space    used 12421K, capacity 13293K, committed 13312K, reserved 1048576K
Event: 1483.968 GC heap after
Heap after GC invocations=42 (full 5):
 PSYoungGen      total 366592K, used 30290K [0x00000000e0000000, 0x00000000fcd80000, 0x0000000100000000)
  eden space 260608K, 0% used [0x00000000e0000000,0x00000000e0000000,0x00000000efe80000)
  from space 105984K, 28% used [0x00000000efe80000,0x00000000f1c14a98,0x00000000f6600000)
  to   space 89088K, 0% used [0x00000000f7680000,0x00000000f7680000,0x00000000fcd80000)
 ParOldGen       total 429056K, used 247780K [0x00000000a0000000, 0x00000000ba300000, 0x00000000e0000000)
  object space 429056K, 57% used [0x00000000a0000000,0x00000000af1f91d8,0x00000000ba300000)
 Metaspace       used 95521K, capacity 100318K, committed 100352K, reserved 1136640K
  class space    used 12421K, capacity 13293K, committed 13312K, reserved 1048576K
}

