# JRE version: Java(TM) SE Runtime Environment (8.0_201-b09) (build 1.8.0_201-b09)
# Java VM: Java HotSpot(TM) 64-Bit Server VM (25.201-b09 mixed mode windows-amd64 compressed oops)
Heap:
 PSYoungGen      total 204288K, used 61862K [0x00000000e0000000, 0x00000000ee100000, 0x0000000100000000)
  eden space 184832K, 24% used [0x00000000e0000000,0x00000000e2c81a48,0x00000000eb480000)
  from space 19456K, 83% used [0x00000000eb480000,0x00000000ec467f90,0x00000000ec780000)
  to   space 19456K, 0% used [0x00000000ec780000,0x00000000ec780000,0x00000000eda80000)
 ParOldGen       total 135168K, used 34553K [0x00000000a0000000, 0x00000000a8400000, 0x00000000e0000000)
  object space 135168K, 25% used [0x00000000a0000000,0x00000000a21be468,0x00000000a8400000)
 Metaspace       used 60124K, capacity 62302K, committed 62464K, reserved 1103872K
  class space    used 8406K, capacity 8917K, committed 8960K, reserved 1048576K
GC Heap History (10 events):
Event: 21.126 GC heap before
{Heap before GC invocations=12 (full 2):
 PSYoungGen      total 120320K, used 108544K [0x00000000e0000000, 0x00000000eb080000, 0x0000000100000000)
  eden space 108544K, 100% used [0x00000000e0000000,0x00000000e6a00000,0x00000000e6a00000)
  from space 11776K, 0% used [0x00000000e6a00000,0x00000000e6a00000,0x00000000e7580000)
  to   space 12800K, 0% used [0x00000000ea400000,0x00000000ea400000,0x00000000eb080000)
 ParOldGen       total 88064K, used 17595K [0x00000000a0000000, 0x00000000a5600000, 0x00000000e0000000)
  object space 88064K, 19% used [0x00000000a0000000,0x00000000a112ee90,0x00000000a5600000)
 Metaspace       used 45143K, capacity 46356K, committed 46592K, reserved 1089536K
  class space    used 6219K, capacity 6574K, committed 6656K, reserved 1048576K
Event: 21.225 GC heap after
Heap after GC invocations=12 (full 2):
 PSYoungGen      total 155648K, used 12794K [0x00000000e0000000, 0x00000000eb080000, 0x0000000100000000)
  eden space 142848K, 0% used [0x00000000e0000000,0x00000000e0000000,0x00000000e8b80000)
  from space 12800K, 99% used [0x00000000ea400000,0x00000000eb07eba8,0x00000000eb080000)
  to   space 15360K, 0% used [0x00000000e9280000,0x00000000e9280000,0x00000000ea180000)
 ParOldGen       total 88064K, used 20443K [0x00000000a0000000, 0x00000000a5600000, 0x00000000e0000000)
  object space 88064K, 23% used [0x00000000a0000000,0x00000000a13f6e60,0x00000000a5600000)
 Metaspace       used 45143K, capacity 46356K, committed 46592K, reserved 1089536K
  class space    used 6219K, capacity 6574K, committed 6656K, reserved 1048576K
}
Event: 27.546 GC heap before
{Heap before GC invocations=13 (full 2):
 PSYoungGen      total 155648K, used 155642K [0x00000000e0000000, 0x00000000eb080000, 0x0000000100000000)
  eden space 142848K, 100% used [0x00000000e0000000,0x00000000e8b80000,0x00000000e8b80000)
  from space 12800K, 99% used [0x00000000ea400000,0x00000000eb07eba8,0x00000000eb080000)
  to   space 15360K, 0% used [0x00000000e9280000,0x00000000e9280000,0x00000000ea180000)
 ParOldGen       total 88064K, used 20443K [0x00000000a0000000, 0x00000000a5600000, 0x00000000e0000000)
  object space 88064K, 23% used [0x00000000a0000000,0x00000000a13f6e60,0x00000000a5600000)
 Metaspace       used 54919K, capacity 56752K, committed 56960K, reserved 1097728K
  class space    used 7746K, capacity 8224K, committed 8320K, reserved 1048576K
Event: 27.596 GC heap after
Heap after GC invocations=13 (full 2):
 PSYoungGen      total 165376K, used 15348K [0x00000000e0000000, 0x00000000eda80000, 0x0000000100000000)
  eden space 150016K, 0% used [0x00000000e0000000,0x00000000e0000000,0x00000000e9280000)
  from space 15360K, 99% used [0x00000000e9280000,0x00000000ea17d040,0x00000000ea180000)
  to   space 19456K, 0% used [0x00000000ec780000,0x00000000ec780000,0x00000000eda80000)
 ParOldGen       total 88064K, used 27342K [0x00000000a0000000, 0x00000000a5600000, 0x00000000e0000000)
  object space 88064K, 31% used [0x00000000a0000000,0x00000000a1ab3878,0x00000000a5600000)
 Metaspace       used 54919K, capacity 56752K, committed 56960K, reserved 1097728K
  class space    used 7746K, capacity 8224K, committed 8320K, reserved 1048576K
}
Event: 30.023 GC heap before
{Heap before GC invocations=14 (full 2):
 PSYoungGen      total 165376K, used 59106K [0x00000000e0000000, 0x00000000eda80000, 0x0000000100000000)
  eden space 150016K, 29% used [0x00000000e0000000,0x00000000e2abbab8,0x00000000e9280000)
  from space 15360K, 99% used [0x00000000e9280000,0x00000000ea17d040,0x00000000ea180000)
  to   space 19456K, 0% used [0x00000000ec780000,0x00000000ec780000,0x00000000eda80000)
 ParOldGen       total 88064K, used 27342K [0x00000000a0000000, 0x00000000a5600000, 0x00000000e0000000)
  object space 88064K, 31% used [0x00000000a0000000,0x00000000a1ab3878,0x00000000a5600000)
 Metaspace       used 57095K, capacity 59030K, committed 59160K, reserved 1099776K
  class space    used 8012K, capacity 8497K, committed 8576K, reserved 1048576K
Event: 30.044 GC heap after
Heap after GC invocations=14 (full 2):
 PSYoungGen      total 204288K, used 4301K [0x00000000e0000000, 0x00000000ee100000, 0x0000000100000000)
  eden space 184832K, 0% used [0x00000000e0000000,0x00000000e0000000,0x00000000eb480000)
  from space 19456K, 22% used [0x00000000ec780000,0x00000000ecbb3778,0x00000000eda80000)
  to   space 19456K, 0% used [0x00000000eb480000,0x00000000eb480000,0x00000000ec780000)
 ParOldGen       total 88064K, used 36285K [0x00000000a0000000, 0x00000000a5600000, 0x00000000e0000000)
  object space 88064K, 41% used [0x00000000a0000000,0x00000000a236f668,0x00000000a5600000)
 Metaspace       used 57095K, capacity 59030K, committed 59160K, reserved 1099776K
  class space    used 8012K, capacity 8497K, committed 8576K, reserved 1048576K
}
Event: 30.044 GC heap before
{Heap before GC invocations=15 (full 3):
 PSYoungGen      total 204288K, used 4301K [0x00000000e0000000, 0x00000000ee100000, 0x0000000100000000)
  eden space 184832K, 0% used [0x00000000e0000000,0x00000000e0000000,0x00000000eb480000)
  from space 19456K, 22% used [0x00000000ec780000,0x00000000ecbb3778,0x00000000eda80000)
  to   space 19456K, 0% used [0x00000000eb480000,0x00000000eb480000,0x00000000ec780000)
 ParOldGen       total 88064K, used 36285K [0x00000000a0000000, 0x00000000a5600000, 0x00000000e0000000)
  object space 88064K, 41% used [0x00000000a0000000,0x00000000a236f668,0x00000000a5600000)
 Metaspace       used 57095K, capacity 59030K, committed 59160K, reserved 1099776K
  class space    used 8012K, capacity 8497K, committed 8576K, reserved 1048576K
Event: 30.644 GC heap after
Heap after GC invocations=15 (full 3):
 PSYoungGen      total 204288K, used 0K [0x00000000e0000000, 0x00000000ee100000, 0x0000000100000000)
  eden space 184832K, 0% used [0x00000000e0000000,0x00000000e0000000,0x00000000eb480000)
  from space 19456K, 0% used [0x00000000ec780000,0x00000000ec780000,0x00000000eda80000)
  to   space 19456K, 0% used [0x00000000eb480000,0x00000000eb480000,0x00000000ec780000)
 ParOldGen       total 135168K, used 34545K [0x00000000a0000000, 0x00000000a8400000, 0x00000000e0000000)
  object space 135168K, 25% used [0x00000000a0000000,0x00000000a21bc468,0x00000000a8400000)
 Metaspace       used 57095K, capacity 59030K, committed 59160K, reserved 1099776K
  class space    used 8012K, capacity 8497K, committed 8576K, reserved 1048576K
}
Event: 50.745 GC heap before
{Heap before GC invocations=16 (full 3):
 PSYoungGen      total 204288K, used 184832K [0x00000000e0000000, 0x00000000ee100000, 0x0000000100000000)
  eden space 184832K, 100% used [0x00000000e0000000,0x00000000eb480000,0x00000000eb480000)
  from space 19456K, 0% used [0x00000000ec780000,0x00000000ec780000,0x00000000eda80000)
  to   space 19456K, 0% used [0x00000000eb480000,0x00000000eb480000,0x00000000ec780000)
 ParOldGen       total 135168K, used 34545K [0x00000000a0000000, 0x00000000a8400000, 0x00000000e0000000)
  object space 135168K, 25% used [0x00000000a0000000,0x00000000a21bc468,0x00000000a8400000)
 Metaspace       used 60054K, capacity 62292K, committed 62464K, reserved 1103872K
  class space    used 8398K, capacity 8914K, committed 8960K, reserved 1048576K
Event: 50.837 GC heap after
Heap after GC invocations=16 (full 3):
 PSYoungGen      total 204288K, used 16287K [0x00000000e0000000, 0x00000000ee100000, 0x0000000100000000)
  eden space 184832K, 0% used [0x00000000e0000000,0x00000000e0000000,0x00000000eb480000)
  from space 19456K, 83% used [0x00000000eb480000,0x00000000ec467f90,0x00000000ec780000)
  to   space 19456K, 0% used [0x00000000ec780000,0x00000000ec780000,0x00000000eda80000)
 ParOldGen       total 135168K, used 34553K [0x00000000a0000000, 0x00000000a8400000, 0x00000000e0000000)
  object space 135168K, 25% used [0x00000000a0000000,0x00000000a21be468,0x00000000a8400000)
 Metaspace       used 60054K, capacity 62292K, committed 62464K, reserved 1103872K
  class space    used 8398K, capacity 8914K, committed 8960K, reserved 1048576K
}

