# JRE version: Java(TM) SE Runtime Environment (8.0_201-b09) (build 1.8.0_201-b09)
# Java VM: Java HotSpot(TM) 64-Bit Server VM (25.201-b09 mixed mode windows-amd64 compressed oops)
Heap:
 PSYoungGen      total 386048K, used 245072K [0x00000000e0000000, 0x00000000fff00000, 0x0000000100000000)
  eden space 347136K, 68% used [0x00000000e0000000,0x00000000ee897cc8,0x00000000f5300000)
  from space 38912K, 17% used [0x00000000f5300000,0x00000000f59bc4b0,0x00000000f7900000)
  to   space 37888K, 0% used [0x00000000fda00000,0x00000000fda00000,0x00000000fff00000)
 ParOldGen       total 202752K, used 107881K [0x00000000a0000000, 0x00000000ac600000, 0x00000000e0000000)
  object space 202752K, 53% used [0x00000000a0000000,0x00000000a695a438,0x00000000ac600000)
 Metaspace       used 103781K, capacity 108104K, committed 108312K, reserved 1142784K
  class space    used 13465K, capacity 14369K, committed 14372K, reserved 1048576K
GC Heap History (10 events):
Event: 1195.663 GC heap before
{Heap before GC invocations=23 (full 3):
 PSYoungGen      total 266752K, used 44196K [0x00000000e0000000, 0x00000000f3380000, 0x0000000100000000)
  eden space 239104K, 6% used [0x00000000e0000000,0x00000000e102a998,0x00000000ee980000)
  from space 27648K, 99% used [0x00000000f0800000,0x00000000f22fe7e0,0x00000000f2300000)
  to   space 16896K, 0% used [0x00000000f2300000,0x00000000f2300000,0x00000000f3380000)
 ParOldGen       total 127488K, used 86259K [0x00000000a0000000, 0x00000000a7c80000, 0x00000000e0000000)
  object space 127488K, 67% used [0x00000000a0000000,0x00000000a543cd08,0x00000000a7c80000)
 Metaspace       used 94748K, capacity 98430K, committed 98636K, reserved 1134592K
  class space    used 12318K, capacity 13144K, committed 13144K, reserved 1048576K
Event: 1196.403 GC heap after
Heap after GC invocations=23 (full 3):
 PSYoungGen      total 276992K, used 16869K [0x00000000e0000000, 0x00000000f7880000, 0x0000000100000000)
  eden space 260096K, 0% used [0x00000000e0000000,0x00000000e0000000,0x00000000efe00000)
  from space 16896K, 99% used [0x00000000f2300000,0x00000000f3379648,0x00000000f3380000)
  to   space 37888K, 0% used [0x00000000efe00000,0x00000000efe00000,0x00000000f2300000)
 ParOldGen       total 127488K, used 90517K [0x00000000a0000000, 0x00000000a7c80000, 0x00000000e0000000)
  object space 127488K, 71% used [0x00000000a0000000,0x00000000a5865680,0x00000000a7c80000)
 Metaspace       used 94748K, capacity 98430K, committed 98636K, reserved 1134592K
  class space    used 12318K, capacity 13144K, committed 13144K, reserved 1048576K
}
Event: 1196.645 GC heap before
{Heap before GC invocations=24 (full 3):
 PSYoungGen      total 276992K, used 20182K [0x00000000e0000000, 0x00000000f7880000, 0x0000000100000000)
  eden space 260096K, 1% used [0x00000000e0000000,0x00000000e033c458,0x00000000efe00000)
  from space 16896K, 99% used [0x00000000f2300000,0x00000000f3379648,0x00000000f3380000)
  to   space 37888K, 0% used [0x00000000efe00000,0x00000000efe00000,0x00000000f2300000)
 ParOldGen       total 127488K, used 90517K [0x00000000a0000000, 0x00000000a7c80000, 0x00000000e0000000)
  object space 127488K, 71% used [0x00000000a0000000,0x00000000a5865680,0x00000000a7c80000)
 Metaspace       used 95058K, capacity 98704K, committed 98712K, reserved 1134592K
  class space    used 12367K, capacity 13213K, committed 13220K, reserved 1048576K
Event: 1196.801 GC heap after
Heap after GC invocations=24 (full 3):
 PSYoungGen      total 297984K, used 4776K [0x00000000e0000000, 0x00000000f9e00000, 0x0000000100000000)
  eden space 260096K, 0% used [0x00000000e0000000,0x00000000e0000000,0x00000000efe00000)
  from space 37888K, 12% used [0x00000000efe00000,0x00000000f02aa158,0x00000000f2300000)
  to   space 37888K, 0% used [0x00000000f7900000,0x00000000f7900000,0x00000000f9e00000)
 ParOldGen       total 127488K, used 103172K [0x00000000a0000000, 0x00000000a7c80000, 0x00000000e0000000)
  object space 127488K, 80% used [0x00000000a0000000,0x00000000a64c10b8,0x00000000a7c80000)
 Metaspace       used 95058K, capacity 98704K, committed 98712K, reserved 1134592K
  class space    used 12367K, capacity 13213K, committed 13220K, reserved 1048576K
}
Event: 1196.801 GC heap before
{Heap before GC invocations=25 (full 4):
 PSYoungGen      total 297984K, used 4776K [0x00000000e0000000, 0x00000000f9e00000, 0x0000000100000000)
  eden space 260096K, 0% used [0x00000000e0000000,0x00000000e0000000,0x00000000efe00000)
  from space 37888K, 12% used [0x00000000efe00000,0x00000000f02aa158,0x00000000f2300000)
  to   space 37888K, 0% used [0x00000000f7900000,0x00000000f7900000,0x00000000f9e00000)
 ParOldGen       total 127488K, used 103172K [0x00000000a0000000, 0x00000000a7c80000, 0x00000000e0000000)
  object space 127488K, 80% used [0x00000000a0000000,0x00000000a64c10b8,0x00000000a7c80000)
 Metaspace       used 95058K, capacity 98704K, committed 98712K, reserved 1134592K
  class space    used 12367K, capacity 13213K, committed 13220K, reserved 1048576K
Event: 1201.453 GC heap after
Heap after GC invocations=25 (full 4):
 PSYoungGen      total 297984K, used 0K [0x00000000e0000000, 0x00000000f9e00000, 0x0000000100000000)
  eden space 260096K, 0% used [0x00000000e0000000,0x00000000e0000000,0x00000000efe00000)
  from space 37888K, 0% used [0x00000000efe00000,0x00000000efe00000,0x00000000f2300000)
  to   space 37888K, 0% used [0x00000000f7900000,0x00000000f7900000,0x00000000f9e00000)
 ParOldGen       total 202752K, used 91096K [0x00000000a0000000, 0x00000000ac600000, 0x00000000e0000000)
  object space 202752K, 44% used [0x00000000a0000000,0x00000000a58f60d0,0x00000000ac600000)
 Metaspace       used 94972K, capacity 98442K, committed 98712K, reserved 1134592K
  class space    used 12338K, capacity 13164K, committed 13220K, reserved 1048576K
}
Event: 1216.410 GC heap before
{Heap before GC invocations=26 (full 4):
 PSYoungGen      total 297984K, used 260096K [0x00000000e0000000, 0x00000000f9e00000, 0x0000000100000000)
  eden space 260096K, 100% used [0x00000000e0000000,0x00000000efe00000,0x00000000efe00000)
  from space 37888K, 0% used [0x00000000efe00000,0x00000000efe00000,0x00000000f2300000)
  to   space 37888K, 0% used [0x00000000f7900000,0x00000000f7900000,0x00000000f9e00000)
 ParOldGen       total 202752K, used 91096K [0x00000000a0000000, 0x00000000ac600000, 0x00000000e0000000)
  object space 202752K, 44% used [0x00000000a0000000,0x00000000a58f60d0,0x00000000ac600000)
 Metaspace       used 102555K, capacity 106700K, committed 107032K, reserved 1142784K
  class space    used 13349K, capacity 14253K, committed 14372K, reserved 1048576K
Event: 1216.637 GC heap after
Heap after GC invocations=26 (full 4):
 PSYoungGen      total 385024K, used 23993K [0x00000000e0000000, 0x00000000f9f80000, 0x0000000100000000)
  eden space 347136K, 0% used [0x00000000e0000000,0x00000000e0000000,0x00000000f5300000)
  from space 37888K, 63% used [0x00000000f7900000,0x00000000f906e710,0x00000000f9e00000)
  to   space 38912K, 0% used [0x00000000f5300000,0x00000000f5300000,0x00000000f7900000)
 ParOldGen       total 202752K, used 91112K [0x00000000a0000000, 0x00000000ac600000, 0x00000000e0000000)
  object space 202752K, 44% used [0x00000000a0000000,0x00000000a58fa0d0,0x00000000ac600000)
 Metaspace       used 102555K, capacity 106700K, committed 107032K, reserved 1142784K
  class space    used 13349K, capacity 14253K, committed 14372K, reserved 1048576K
}
Event: 1227.094 GC heap before
{Heap before GC invocations=27 (full 4):
 PSYoungGen      total 385024K, used 371129K [0x00000000e0000000, 0x00000000f9f80000, 0x0000000100000000)
  eden space 347136K, 100% used [0x00000000e0000000,0x00000000f5300000,0x00000000f5300000)
  from space 37888K, 63% used [0x00000000f7900000,0x00000000f906e710,0x00000000f9e00000)
  to   space 38912K, 0% used [0x00000000f5300000,0x00000000f5300000,0x00000000f7900000)
 ParOldGen       total 202752K, used 91112K [0x00000000a0000000, 0x00000000ac600000, 0x00000000e0000000)
  object space 202752K, 44% used [0x00000000a0000000,0x00000000a58fa0d0,0x00000000ac600000)
 Metaspace       used 103142K, capacity 107404K, committed 107544K, reserved 1142784K
  class space    used 13388K, capacity 14295K, committed 14372K, reserved 1048576K
Event: 1227.356 GC heap after
Heap after GC invocations=27 (full 4):
 PSYoungGen      total 386048K, used 6897K [0x00000000e0000000, 0x00000000fff00000, 0x0000000100000000)
  eden space 347136K, 0% used [0x00000000e0000000,0x00000000e0000000,0x00000000f5300000)
  from space 38912K, 17% used [0x00000000f5300000,0x00000000f59bc4b0,0x00000000f7900000)
  to   space 37888K, 0% used [0x00000000fda00000,0x00000000fda00000,0x00000000fff00000)
 ParOldGen       total 202752K, used 107881K [0x00000000a0000000, 0x00000000ac600000, 0x00000000e0000000)
  object space 202752K, 53% used [0x00000000a0000000,0x00000000a695a438,0x00000000ac600000)
 Metaspace       used 103142K, capacity 107404K, committed 107544K, reserved 1142784K
  class space    used 13388K, capacity 14295K, committed 14372K, reserved 1048576K
}

