# JRE version: Java(TM) SE Runtime Environment (8.0_201-b09) (build 1.8.0_201-b09)
# Java VM: Java HotSpot(TM) 64-Bit Server VM (25.201-b09 mixed mode windows-amd64 compressed oops)
Heap:
 PSYoungGen      total 476160K, used 276462K [0x00000000e0000000, 0x0000000100000000, 0x0000000100000000)
  eden space 430080K, 63% used [0x00000000e0000000,0x00000000f0a99400,0x00000000fa400000)
  from space 46080K, 7% used [0x00000000fd300000,0x00000000fd6626a0,0x0000000100000000)
  to   space 47104K, 0% used [0x00000000fa400000,0x00000000fa400000,0x00000000fd200000)
 ParOldGen       total 131072K, used 94240K [0x00000000a0000000, 0x00000000a8000000, 0x00000000e0000000)
  object space 131072K, 71% used [0x00000000a0000000,0x00000000a5c08340,0x00000000a8000000)
 Metaspace       used 94389K, capacity 98352K, committed 99532K, reserved 1136640K
  class space    used 12235K, capacity 13006K, committed 13312K, reserved 1048576K
GC Heap History (10 events):
Event: 2459.348 GC heap before
{Heap before GC invocations=51 (full 4):
 PSYoungGen      total 476672K, used 450080K [0x00000000e0000000, 0x00000000fff00000, 0x0000000100000000)
  eden space 432128K, 100% used [0x00000000e0000000,0x00000000fa600000,0x00000000fa600000)
  from space 44544K, 40% used [0x00000000fd380000,0x00000000fe508020,0x00000000fff00000)
  to   space 45568K, 0% used [0x00000000fa600000,0x00000000fa600000,0x00000000fd280000)
 ParOldGen       total 131072K, used 113889K [0x00000000a0000000, 0x00000000a8000000, 0x00000000e0000000)
  object space 131072K, 86% used [0x00000000a0000000,0x00000000a6f38660,0x00000000a8000000)
 Metaspace       used 94319K, capacity 98356K, committed 99276K, reserved 1134592K
  class space    used 12239K, capacity 13020K, committed 13312K, reserved 1048576K
Event: 2459.402 GC heap after
Heap after GC invocations=51 (full 4):
 PSYoungGen      total 477696K, used 14560K [0x00000000e0000000, 0x0000000100000000, 0x0000000100000000)
  eden space 432128K, 0% used [0x00000000e0000000,0x00000000e0000000,0x00000000fa600000)
  from space 45568K, 31% used [0x00000000fa600000,0x00000000fb438000,0x00000000fd280000)
  to   space 45568K, 0% used [0x00000000fd380000,0x00000000fd380000,0x0000000100000000)
 ParOldGen       total 131072K, used 119985K [0x00000000a0000000, 0x00000000a8000000, 0x00000000e0000000)
  object space 131072K, 91% used [0x00000000a0000000,0x00000000a752c660,0x00000000a8000000)
 Metaspace       used 94319K, capacity 98356K, committed 99276K, reserved 1134592K
  class space    used 12239K, capacity 13020K, committed 13312K, reserved 1048576K
}
Event: 2459.402 GC heap before
{Heap before GC invocations=52 (full 5):
 PSYoungGen      total 477696K, used 14560K [0x00000000e0000000, 0x0000000100000000, 0x0000000100000000)
  eden space 432128K, 0% used [0x00000000e0000000,0x00000000e0000000,0x00000000fa600000)
  from space 45568K, 31% used [0x00000000fa600000,0x00000000fb438000,0x00000000fd280000)
  to   space 45568K, 0% used [0x00000000fd380000,0x00000000fd380000,0x0000000100000000)
 ParOldGen       total 131072K, used 119985K [0x00000000a0000000, 0x00000000a8000000, 0x00000000e0000000)
  object space 131072K, 91% used [0x00000000a0000000,0x00000000a752c660,0x00000000a8000000)
 Metaspace       used 94319K, capacity 98356K, committed 99276K, reserved 1134592K
  class space    used 12239K, capacity 13020K, committed 13312K, reserved 1048576K
Event: 2459.823 GC heap after
Heap after GC invocations=52 (full 5):
 PSYoungGen      total 477696K, used 0K [0x00000000e0000000, 0x0000000100000000, 0x0000000100000000)
  eden space 432128K, 0% used [0x00000000e0000000,0x00000000e0000000,0x00000000fa600000)
  from space 45568K, 0% used [0x00000000fa600000,0x00000000fa600000,0x00000000fd280000)
  to   space 45568K, 0% used [0x00000000fd380000,0x00000000fd380000,0x0000000100000000)
 ParOldGen       total 131072K, used 80169K [0x00000000a0000000, 0x00000000a8000000, 0x00000000e0000000)
  object space 131072K, 61% used [0x00000000a0000000,0x00000000a4e4a428,0x00000000a8000000)
 Metaspace       used 94296K, capacity 98288K, committed 99276K, reserved 1134592K
  class space    used 12231K, capacity 13006K, committed 13312K, reserved 1048576K
}
Event: 2461.549 GC heap before
{Heap before GC invocations=53 (full 5):
 PSYoungGen      total 477696K, used 432128K [0x00000000e0000000, 0x0000000100000000, 0x0000000100000000)
  eden space 432128K, 100% used [0x00000000e0000000,0x00000000fa600000,0x00000000fa600000)
  from space 45568K, 0% used [0x00000000fa600000,0x00000000fa600000,0x00000000fd280000)
  to   space 45568K, 0% used [0x00000000fd380000,0x00000000fd380000,0x0000000100000000)
 ParOldGen       total 131072K, used 80169K [0x00000000a0000000, 0x00000000a8000000, 0x00000000e0000000)
  object space 131072K, 61% used [0x00000000a0000000,0x00000000a4e4a428,0x00000000a8000000)
 Metaspace       used 94307K, capacity 98352K, committed 99532K, reserved 1136640K
  class space    used 12232K, capacity 13006K, committed 13312K, reserved 1048576K
Event: 2461.559 GC heap after
Heap after GC invocations=53 (full 5):
 PSYoungGen      total 476672K, used 6873K [0x00000000e0000000, 0x0000000100000000, 0x0000000100000000)
  eden space 431104K, 0% used [0x00000000e0000000,0x00000000e0000000,0x00000000fa500000)
  from space 45568K, 15% used [0x00000000fd380000,0x00000000fda36550,0x0000000100000000)
  to   space 46592K, 0% used [0x00000000fa500000,0x00000000fa500000,0x00000000fd280000)
 ParOldGen       total 131072K, used 80169K [0x00000000a0000000, 0x00000000a8000000, 0x00000000e0000000)
  object space 131072K, 61% used [0x00000000a0000000,0x00000000a4e4a428,0x00000000a8000000)
 Metaspace       used 94307K, capacity 98352K, committed 99532K, reserved 1136640K
  class space    used 12232K, capacity 13006K, committed 13312K, reserved 1048576K
}
Event: 2464.229 GC heap before
{Heap before GC invocations=54 (full 5):
 PSYoungGen      total 476672K, used 437977K [0x00000000e0000000, 0x0000000100000000, 0x0000000100000000)
  eden space 431104K, 100% used [0x00000000e0000000,0x00000000fa500000,0x00000000fa500000)
  from space 45568K, 15% used [0x00000000fd380000,0x00000000fda36550,0x0000000100000000)
  to   space 46592K, 0% used [0x00000000fa500000,0x00000000fa500000,0x00000000fd280000)
 ParOldGen       total 131072K, used 80169K [0x00000000a0000000, 0x00000000a8000000, 0x00000000e0000000)
  object space 131072K, 61% used [0x00000000a0000000,0x00000000a4e4a428,0x00000000a8000000)
 Metaspace       used 94339K, capacity 98352K, committed 99532K, reserved 1136640K
  class space    used 12234K, capacity 13006K, committed 13312K, reserved 1048576K
Event: 2464.268 GC heap after
Heap after GC invocations=54 (full 5):
 PSYoungGen      total 477696K, used 12360K [0x00000000e0000000, 0x0000000100000000, 0x0000000100000000)
  eden space 431104K, 0% used [0x00000000e0000000,0x00000000e0000000,0x00000000fa500000)
  from space 46592K, 26% used [0x00000000fa500000,0x00000000fb112180,0x00000000fd280000)
  to   space 46080K, 0% used [0x00000000fd300000,0x00000000fd300000,0x0000000100000000)
 ParOldGen       total 131072K, used 84871K [0x00000000a0000000, 0x00000000a8000000, 0x00000000e0000000)
  object space 131072K, 64% used [0x00000000a0000000,0x00000000a52e1fa0,0x00000000a8000000)
 Metaspace       used 94339K, capacity 98352K, committed 99532K, reserved 1136640K
  class space    used 12234K, capacity 13006K, committed 13312K, reserved 1048576K
}
Event: 2465.784 GC heap before
{Heap before GC invocations=55 (full 5):
 PSYoungGen      total 477696K, used 443464K [0x00000000e0000000, 0x0000000100000000, 0x0000000100000000)
  eden space 431104K, 100% used [0x00000000e0000000,0x00000000fa500000,0x00000000fa500000)
  from space 46592K, 26% used [0x00000000fa500000,0x00000000fb112180,0x00000000fd280000)
  to   space 46080K, 0% used [0x00000000fd300000,0x00000000fd300000,0x0000000100000000)
 ParOldGen       total 131072K, used 84871K [0x00000000a0000000, 0x00000000a8000000, 0x00000000e0000000)
  object space 131072K, 64% used [0x00000000a0000000,0x00000000a52e1fa0,0x00000000a8000000)
 Metaspace       used 94353K, capacity 98352K, committed 99532K, reserved 1136640K
  class space    used 12235K, capacity 13006K, committed 13312K, reserved 1048576K
Event: 2465.799 GC heap after
Heap after GC invocations=55 (full 5):
 PSYoungGen      total 476160K, used 3465K [0x00000000e0000000, 0x0000000100000000, 0x0000000100000000)
  eden space 430080K, 0% used [0x00000000e0000000,0x00000000e0000000,0x00000000fa400000)
  from space 46080K, 7% used [0x00000000fd300000,0x00000000fd6626a0,0x0000000100000000)
  to   space 47104K, 0% used [0x00000000fa400000,0x00000000fa400000,0x00000000fd200000)
 ParOldGen       total 131072K, used 94240K [0x00000000a0000000, 0x00000000a8000000, 0x00000000e0000000)
  object space 131072K, 71% used [0x00000000a0000000,0x00000000a5c08340,0x00000000a8000000)
 Metaspace       used 94353K, capacity 98352K, committed 99532K, reserved 1136640K
  class space    used 12235K, capacity 13006K, committed 13312K, reserved 1048576K
}

