# JRE version: Java(TM) SE Runtime Environment (8.0_201-b09) (build 1.8.0_201-b09)
# Java VM: Java HotSpot(TM) 64-Bit Server VM (25.201-b09 mixed mode windows-amd64 compressed oops)
Heap:
 PSYoungGen      total 436224K, used 359888K [0x00000000e0000000, 0x0000000100000000, 0x0000000100000000)
  eden space 351232K, 87% used [0x00000000e0000000,0x00000000f2dabfc8,0x00000000f5700000)
  from space 84992K, 59% used [0x00000000f5700000,0x00000000f88c8110,0x00000000faa00000)
  to   space 84992K, 0% used [0x00000000fad00000,0x00000000fad00000,0x0000000100000000)
 ParOldGen       total 380928K, used 198329K [0x00000000a0000000, 0x00000000b7400000, 0x00000000e0000000)
  object space 380928K, 52% used [0x00000000a0000000,0x00000000ac1ae778,0x00000000b7400000)
 Metaspace       used 95367K, capacity 101894K, committed 102144K, reserved 1138688K
  class space    used 12452K, capacity 13525K, committed 13568K, reserved 1048576K
GC Heap History (10 events):
Event: 4693.851 GC heap before
{Heap before GC invocations=38 (full 5):
 PSYoungGen      total 403968K, used 377699K [0x00000000e0000000, 0x00000000ff080000, 0x0000000100000000)
  eden space 318464K, 100% used [0x00000000e0000000,0x00000000f3700000,0x00000000f3700000)
  from space 85504K, 69% used [0x00000000f8f00000,0x00000000fc8d8f38,0x00000000fe280000)
  to   space 90112K, 0% used [0x00000000f3700000,0x00000000f3700000,0x00000000f8f00000)
 ParOldGen       total 380928K, used 198321K [0x00000000a0000000, 0x00000000b7400000, 0x00000000e0000000)
  object space 380928K, 52% used [0x00000000a0000000,0x00000000ac1ac778,0x00000000b7400000)
 Metaspace       used 93717K, capacity 98668K, committed 99456K, reserved 1136640K
  class space    used 12185K, capacity 13054K, committed 13184K, reserved 1048576K
Event: 4693.981 GC heap after
Heap after GC invocations=38 (full 5):
 PSYoungGen      total 408576K, used 53090K [0x00000000e0000000, 0x0000000100000000, 0x0000000100000000)
  eden space 318464K, 0% used [0x00000000e0000000,0x00000000e0000000,0x00000000f3700000)
  from space 90112K, 58% used [0x00000000f3700000,0x00000000f6ad8a70,0x00000000f8f00000)
  to   space 91136K, 0% used [0x00000000fa700000,0x00000000fa700000,0x0000000100000000)
 ParOldGen       total 380928K, used 198321K [0x00000000a0000000, 0x00000000b7400000, 0x00000000e0000000)
  object space 380928K, 52% used [0x00000000a0000000,0x00000000ac1ac778,0x00000000b7400000)
 Metaspace       used 93717K, capacity 98668K, committed 99456K, reserved 1136640K
  class space    used 12185K, capacity 13054K, committed 13184K, reserved 1048576K
}
Event: 5077.869 GC heap before
{Heap before GC invocations=39 (full 5):
 PSYoungGen      total 408576K, used 371448K [0x00000000e0000000, 0x0000000100000000, 0x0000000100000000)
  eden space 318464K, 99% used [0x00000000e0000000,0x00000000f36e5910,0x00000000f3700000)
  from space 90112K, 58% used [0x00000000f3700000,0x00000000f6ad8a70,0x00000000f8f00000)
  to   space 91136K, 0% used [0x00000000fa700000,0x00000000fa700000,0x0000000100000000)
 ParOldGen       total 380928K, used 198321K [0x00000000a0000000, 0x00000000b7400000, 0x00000000e0000000)
  object space 380928K, 52% used [0x00000000a0000000,0x00000000ac1ac778,0x00000000b7400000)
 Metaspace       used 93824K, capacity 98760K, committed 99456K, reserved 1136640K
  class space    used 12187K, capacity 13058K, committed 13184K, reserved 1048576K
Event: 5078.054 GC heap after
Heap after GC invocations=39 (full 5):
 PSYoungGen      total 424960K, used 37240K [0x00000000e0000000, 0x00000000ff700000, 0x0000000100000000)
  eden space 343040K, 0% used [0x00000000e0000000,0x00000000e0000000,0x00000000f4f00000)
  from space 81920K, 45% used [0x00000000fa700000,0x00000000fcb5e040,0x00000000ff700000)
  to   space 86016K, 0% used [0x00000000f4f00000,0x00000000f4f00000,0x00000000fa300000)
 ParOldGen       total 380928K, used 198321K [0x00000000a0000000, 0x00000000b7400000, 0x00000000e0000000)
  object space 380928K, 52% used [0x00000000a0000000,0x00000000ac1ac778,0x00000000b7400000)
 Metaspace       used 93824K, capacity 98760K, committed 99456K, reserved 1136640K
  class space    used 12187K, capacity 13058K, committed 13184K, reserved 1048576K
}
Event: 5367.694 GC heap before
{Heap before GC invocations=40 (full 5):
 PSYoungGen      total 424960K, used 380280K [0x00000000e0000000, 0x00000000ff700000, 0x0000000100000000)
  eden space 343040K, 100% used [0x00000000e0000000,0x00000000f4f00000,0x00000000f4f00000)
  from space 81920K, 45% used [0x00000000fa700000,0x00000000fcb5e040,0x00000000ff700000)
  to   space 86016K, 0% used [0x00000000f4f00000,0x00000000f4f00000,0x00000000fa300000)
 ParOldGen       total 380928K, used 198321K [0x00000000a0000000, 0x00000000b7400000, 0x00000000e0000000)
  object space 380928K, 52% used [0x00000000a0000000,0x00000000ac1ac778,0x00000000b7400000)
 Metaspace       used 94754K, capacity 100954K, committed 101248K, reserved 1136640K
  class space    used 12379K, capacity 13401K, committed 13440K, reserved 1048576K
Event: 5367.823 GC heap after
Heap after GC invocations=40 (full 5):
 PSYoungGen      total 429056K, used 52266K [0x00000000e0000000, 0x0000000100000000, 0x0000000100000000)
  eden space 343040K, 0% used [0x00000000e0000000,0x00000000e0000000,0x00000000f4f00000)
  from space 86016K, 60% used [0x00000000f4f00000,0x00000000f820abb0,0x00000000fa300000)
  to   space 87040K, 0% used [0x00000000fab00000,0x00000000fab00000,0x0000000100000000)
 ParOldGen       total 380928K, used 198321K [0x00000000a0000000, 0x00000000b7400000, 0x00000000e0000000)
  object space 380928K, 52% used [0x00000000a0000000,0x00000000ac1ac778,0x00000000b7400000)
 Metaspace       used 94754K, capacity 100954K, committed 101248K, reserved 1136640K
  class space    used 12379K, capacity 13401K, committed 13440K, reserved 1048576K
}
Event: 6218.894 GC heap before
{Heap before GC invocations=41 (full 5):
 PSYoungGen      total 429056K, used 395306K [0x00000000e0000000, 0x0000000100000000, 0x0000000100000000)
  eden space 343040K, 100% used [0x00000000e0000000,0x00000000f4f00000,0x00000000f4f00000)
  from space 86016K, 60% used [0x00000000f4f00000,0x00000000f820abb0,0x00000000fa300000)
  to   space 87040K, 0% used [0x00000000fab00000,0x00000000fab00000,0x0000000100000000)
 ParOldGen       total 380928K, used 198321K [0x00000000a0000000, 0x00000000b7400000, 0x00000000e0000000)
  object space 380928K, 52% used [0x00000000a0000000,0x00000000ac1ac778,0x00000000b7400000)
 Metaspace       used 95030K, capacity 101324K, committed 101632K, reserved 1136640K
  class space    used 12410K, capacity 13452K, committed 13568K, reserved 1048576K
Event: 6218.967 GC heap after
Heap after GC invocations=41 (full 5):
 PSYoungGen      total 435200K, used 46831K [0x00000000e0000000, 0x00000000ffd00000, 0x0000000100000000)
  eden space 351232K, 0% used [0x00000000e0000000,0x00000000e0000000,0x00000000f5700000)
  from space 83968K, 55% used [0x00000000fab00000,0x00000000fd8bbd28,0x00000000ffd00000)
  to   space 84992K, 0% used [0x00000000f5700000,0x00000000f5700000,0x00000000faa00000)
 ParOldGen       total 380928K, used 198321K [0x00000000a0000000, 0x00000000b7400000, 0x00000000e0000000)
  object space 380928K, 52% used [0x00000000a0000000,0x00000000ac1ac778,0x00000000b7400000)
 Metaspace       used 95030K, capacity 101324K, committed 101632K, reserved 1136640K
  class space    used 12410K, capacity 13452K, committed 13568K, reserved 1048576K
}
Event: 7752.205 GC heap before
{Heap before GC invocations=42 (full 5):
 PSYoungGen      total 435200K, used 398063K [0x00000000e0000000, 0x00000000ffd00000, 0x0000000100000000)
  eden space 351232K, 100% used [0x00000000e0000000,0x00000000f5700000,0x00000000f5700000)
  from space 83968K, 55% used [0x00000000fab00000,0x00000000fd8bbd28,0x00000000ffd00000)
  to   space 84992K, 0% used [0x00000000f5700000,0x00000000f5700000,0x00000000faa00000)
 ParOldGen       total 380928K, used 198321K [0x00000000a0000000, 0x00000000b7400000, 0x00000000e0000000)
  object space 380928K, 52% used [0x00000000a0000000,0x00000000ac1ac778,0x00000000b7400000)
 Metaspace       used 95292K, capacity 101820K, committed 101888K, reserved 1138688K
  class space    used 12451K, capacity 13524K, committed 13568K, reserved 1048576K
Event: 7752.394 GC heap after
Heap after GC invocations=42 (full 5):
 PSYoungGen      total 436224K, used 50976K [0x00000000e0000000, 0x0000000100000000, 0x0000000100000000)
  eden space 351232K, 0% used [0x00000000e0000000,0x00000000e0000000,0x00000000f5700000)
  from space 84992K, 59% used [0x00000000f5700000,0x00000000f88c8110,0x00000000faa00000)
  to   space 84992K, 0% used [0x00000000fad00000,0x00000000fad00000,0x0000000100000000)
 ParOldGen       total 380928K, used 198329K [0x00000000a0000000, 0x00000000b7400000, 0x00000000e0000000)
  object space 380928K, 52% used [0x00000000a0000000,0x00000000ac1ae778,0x00000000b7400000)
 Metaspace       used 95292K, capacity 101820K, committed 101888K, reserved 1138688K
  class space    used 12451K, capacity 13524K, committed 13568K, reserved 1048576K
}

