# JRE version: Java(TM) SE Runtime Environment (8.0_201-b09) (build 1.8.0_201-b09)
# Java VM: Java HotSpot(TM) 64-Bit Server VM (25.201-b09 mixed mode windows-amd64 compressed oops)
Heap:
 PSYoungGen      total 174592K, used 19673K [0x00000000e0000000, 0x00000000ecd80000, 0x0000000100000000)
  eden space 158720K, 2% used [0x00000000e0000000,0x00000000e03b73a0,0x00000000e9b00000)
  from space 15872K, 99% used [0x00000000eae80000,0x00000000ebdff080,0x00000000ebe00000)
  to   space 12800K, 0% used [0x00000000ec100000,0x00000000ec100000,0x00000000ecd80000)
 ParOldGen       total 129536K, used 40905K [0x00000000a0000000, 0x00000000a7e80000, 0x00000000e0000000)
  object space 129536K, 31% used [0x00000000a0000000,0x00000000a27f2728,0x00000000a7e80000)
 Metaspace       used 60985K, capacity 63394K, committed 63744K, reserved 1103872K
  class space    used 8548K, capacity 9099K, committed 9216K, reserved 1048576K
GC Heap History (10 events):
Event: 27.450 GC heap before
{Heap before GC invocations=16 (full 2):
 PSYoungGen      total 114176K, used 114077K [0x00000000e0000000, 0x00000000e9e80000, 0x0000000100000000)
  eden space 101888K, 100% used [0x00000000e0000000,0x00000000e6380000,0x00000000e6380000)
  from space 12288K, 99% used [0x00000000e6380000,0x00000000e6f67748,0x00000000e6f80000)
  to   space 13824K, 0% used [0x00000000e9100000,0x00000000e9100000,0x00000000e9e80000)
 ParOldGen       total 82944K, used 19712K [0x00000000a0000000, 0x00000000a5100000, 0x00000000e0000000)
  object space 82944K, 23% used [0x00000000a0000000,0x00000000a13400f0,0x00000000a5100000)
 Metaspace       used 56388K, capacity 58318K, committed 58496K, reserved 1099776K
  class space    used 7965K, capacity 8451K, committed 8576K, reserved 1048576K
Event: 27.485 GC heap after
Heap after GC invocations=16 (full 2):
 PSYoungGen      total 147968K, used 10922K [0x00000000e0000000, 0x00000000ea200000, 0x0000000100000000)
  eden space 134144K, 0% used [0x00000000e0000000,0x00000000e0000000,0x00000000e8300000)
  from space 13824K, 79% used [0x00000000e9100000,0x00000000e9baa9d0,0x00000000e9e80000)
  to   space 14336K, 0% used [0x00000000e8300000,0x00000000e8300000,0x00000000e9100000)
 ParOldGen       total 82944K, used 27352K [0x00000000a0000000, 0x00000000a5100000, 0x00000000e0000000)
  object space 82944K, 32% used [0x00000000a0000000,0x00000000a1ab6200,0x00000000a5100000)
 Metaspace       used 56388K, capacity 58318K, committed 58496K, reserved 1099776K
  class space    used 7965K, capacity 8451K, committed 8576K, reserved 1048576K
}
Event: 29.068 GC heap before
{Heap before GC invocations=17 (full 2):
 PSYoungGen      total 147968K, used 35120K [0x00000000e0000000, 0x00000000ea200000, 0x0000000100000000)
  eden space 134144K, 18% used [0x00000000e0000000,0x00000000e17a1660,0x00000000e8300000)
  from space 13824K, 79% used [0x00000000e9100000,0x00000000e9baa9d0,0x00000000e9e80000)
  to   space 14336K, 0% used [0x00000000e8300000,0x00000000e8300000,0x00000000e9100000)
 ParOldGen       total 82944K, used 27352K [0x00000000a0000000, 0x00000000a5100000, 0x00000000e0000000)
  object space 82944K, 32% used [0x00000000a0000000,0x00000000a1ab6200,0x00000000a5100000)
 Metaspace       used 57140K, capacity 59040K, committed 59160K, reserved 1099776K
  class space    used 8023K, capacity 8500K, committed 8576K, reserved 1048576K
Event: 29.101 GC heap after
Heap after GC invocations=17 (full 2):
 PSYoungGen      total 148480K, used 2336K [0x00000000e0000000, 0x00000000ecf80000, 0x0000000100000000)
  eden space 134144K, 0% used [0x00000000e0000000,0x00000000e0000000,0x00000000e8300000)
  from space 14336K, 16% used [0x00000000e8300000,0x00000000e8548010,0x00000000e9100000)
  to   space 14848K, 0% used [0x00000000ec100000,0x00000000ec100000,0x00000000ecf80000)
 ParOldGen       total 82944K, used 32901K [0x00000000a0000000, 0x00000000a5100000, 0x00000000e0000000)
  object space 82944K, 39% used [0x00000000a0000000,0x00000000a2021420,0x00000000a5100000)
 Metaspace       used 57140K, capacity 59040K, committed 59160K, reserved 1099776K
  class space    used 8023K, capacity 8500K, committed 8576K, reserved 1048576K
}
Event: 29.102 GC heap before
{Heap before GC invocations=18 (full 3):
 PSYoungGen      total 148480K, used 2336K [0x00000000e0000000, 0x00000000ecf80000, 0x0000000100000000)
  eden space 134144K, 0% used [0x00000000e0000000,0x00000000e0000000,0x00000000e8300000)
  from space 14336K, 16% used [0x00000000e8300000,0x00000000e8548010,0x00000000e9100000)
  to   space 14848K, 0% used [0x00000000ec100000,0x00000000ec100000,0x00000000ecf80000)
 ParOldGen       total 82944K, used 32901K [0x00000000a0000000, 0x00000000a5100000, 0x00000000e0000000)
  object space 82944K, 39% used [0x00000000a0000000,0x00000000a2021420,0x00000000a5100000)
 Metaspace       used 57140K, capacity 59040K, committed 59160K, reserved 1099776K
  class space    used 8023K, capacity 8500K, committed 8576K, reserved 1048576K
Event: 29.769 GC heap after
Heap after GC invocations=18 (full 3):
 PSYoungGen      total 148480K, used 0K [0x00000000e0000000, 0x00000000ecf80000, 0x0000000100000000)
  eden space 134144K, 0% used [0x00000000e0000000,0x00000000e0000000,0x00000000e8300000)
  from space 14336K, 0% used [0x00000000e8300000,0x00000000e8300000,0x00000000e9100000)
  to   space 14848K, 0% used [0x00000000ec100000,0x00000000ec100000,0x00000000ecf80000)
 ParOldGen       total 129536K, used 34031K [0x00000000a0000000, 0x00000000a7e80000, 0x00000000e0000000)
  object space 129536K, 26% used [0x00000000a0000000,0x00000000a213bf50,0x00000000a7e80000)
 Metaspace       used 57140K, capacity 59040K, committed 59160K, reserved 1099776K
  class space    used 8023K, capacity 8500K, committed 8576K, reserved 1048576K
}
Event: 37.029 GC heap before
{Heap before GC invocations=19 (full 3):
 PSYoungGen      total 148480K, used 134144K [0x00000000e0000000, 0x00000000ecf80000, 0x0000000100000000)
  eden space 134144K, 100% used [0x00000000e0000000,0x00000000e8300000,0x00000000e8300000)
  from space 14336K, 0% used [0x00000000e8300000,0x00000000e8300000,0x00000000e9100000)
  to   space 14848K, 0% used [0x00000000ec100000,0x00000000ec100000,0x00000000ecf80000)
 ParOldGen       total 129536K, used 34031K [0x00000000a0000000, 0x00000000a7e80000, 0x00000000e0000000)
  object space 129536K, 26% used [0x00000000a0000000,0x00000000a213bf50,0x00000000a7e80000)
 Metaspace       used 59498K, capacity 61694K, committed 61952K, reserved 1101824K
  class space    used 8327K, capacity 8843K, committed 8960K, reserved 1048576K
Event: 37.050 GC heap after
Heap after GC invocations=19 (full 3):
 PSYoungGen      total 171520K, used 12485K [0x00000000e0000000, 0x00000000ecd80000, 0x0000000100000000)
  eden space 158720K, 0% used [0x00000000e0000000,0x00000000e0000000,0x00000000e9b00000)
  from space 12800K, 97% used [0x00000000ec100000,0x00000000ecd315c8,0x00000000ecd80000)
  to   space 15872K, 0% used [0x00000000eae80000,0x00000000eae80000,0x00000000ebe00000)
 ParOldGen       total 129536K, used 34039K [0x00000000a0000000, 0x00000000a7e80000, 0x00000000e0000000)
  object space 129536K, 26% used [0x00000000a0000000,0x00000000a213df50,0x00000000a7e80000)
 Metaspace       used 59498K, capacity 61694K, committed 61952K, reserved 1101824K
  class space    used 8327K, capacity 8843K, committed 8960K, reserved 1048576K
}
Event: 46.597 GC heap before
{Heap before GC invocations=20 (full 3):
 PSYoungGen      total 171520K, used 171205K [0x00000000e0000000, 0x00000000ecd80000, 0x0000000100000000)
  eden space 158720K, 100% used [0x00000000e0000000,0x00000000e9b00000,0x00000000e9b00000)
  from space 12800K, 97% used [0x00000000ec100000,0x00000000ecd315c8,0x00000000ecd80000)
  to   space 15872K, 0% used [0x00000000eae80000,0x00000000eae80000,0x00000000ebe00000)
 ParOldGen       total 129536K, used 34039K [0x00000000a0000000, 0x00000000a7e80000, 0x00000000e0000000)
  object space 129536K, 26% used [0x00000000a0000000,0x00000000a213df50,0x00000000a7e80000)
 Metaspace       used 60974K, capacity 63388K, committed 63744K, reserved 1103872K
  class space    used 8548K, capacity 9098K, committed 9216K, reserved 1048576K
Event: 46.826 GC heap after
Heap after GC invocations=20 (full 3):
 PSYoungGen      total 174592K, used 15868K [0x00000000e0000000, 0x00000000ecd80000, 0x0000000100000000)
  eden space 158720K, 0% used [0x00000000e0000000,0x00000000e0000000,0x00000000e9b00000)
  from space 15872K, 99% used [0x00000000eae80000,0x00000000ebdff080,0x00000000ebe00000)
  to   space 12800K, 0% used [0x00000000ec100000,0x00000000ec100000,0x00000000ecd80000)
 ParOldGen       total 129536K, used 40905K [0x00000000a0000000, 0x00000000a7e80000, 0x00000000e0000000)
  object space 129536K, 31% used [0x00000000a0000000,0x00000000a27f2728,0x00000000a7e80000)
 Metaspace       used 60974K, capacity 63388K, committed 63744K, reserved 1103872K
  class space    used 8548K, capacity 9098K, committed 9216K, reserved 1048576K
}

