# JRE version: Java(TM) SE Runtime Environment (8.0_201-b09) (build 1.8.0_201-b09)
# Java VM: Java HotSpot(TM) 64-Bit Server VM (25.201-b09 mixed mode windows-amd64 compressed oops)
Heap:
 PSYoungGen      total 388608K, used 60014K [0x00000000e0000000, 0x0000000100000000, 0x0000000100000000)
  eden space 274432K, 12% used [0x00000000e0000000,0x00000000e22c83c0,0x00000000f0c00000)
  from space 114176K, 21% used [0x00000000f0c00000,0x00000000f23d34d0,0x00000000f7b80000)
  to   space 110080K, 0% used [0x00000000f9480000,0x00000000f9480000,0x0000000100000000)
 ParOldGen       total 410112K, used 240574K [0x00000000a0000000, 0x00000000b9080000, 0x00000000e0000000)
  object space 410112K, 58% used [0x00000000a0000000,0x00000000aeaefa78,0x00000000b9080000)
 Metaspace       used 107435K, capacity 112452K, committed 113940K, reserved 1148928K
  class space    used 13836K, capacity 14810K, committed 15164K, reserved 1048576K
GC Heap History (10 events):
Event: 2589.133 GC heap before
{Heap before GC invocations=44 (full 5):
 PSYoungGen      total 304128K, used 101560K [0x00000000e0000000, 0x00000000fda80000, 0x0000000100000000)
  eden space 193536K, 0% used [0x00000000e0000000,0x00000000e0000000,0x00000000ebd00000)
  from space 110592K, 91% used [0x00000000ebd00000,0x00000000f202e108,0x00000000f2900000)
  to   space 125440K, 0% used [0x00000000f6000000,0x00000000f6000000,0x00000000fda80000)
 ParOldGen       total 252416K, used 215022K [0x00000000a0000000, 0x00000000af680000, 0x00000000e0000000)
  object space 252416K, 85% used [0x00000000a0000000,0x00000000ad1fb8e8,0x00000000af680000)
 Metaspace       used 107641K, capacity 113522K, committed 113684K, reserved 1148928K
  class space    used 13907K, capacity 15112K, committed 15164K, reserved 1048576K
Event: 2594.708 GC heap after
Heap after GC invocations=44 (full 5):
 PSYoungGen      total 304128K, used 0K [0x00000000e0000000, 0x00000000fda80000, 0x0000000100000000)
  eden space 193536K, 0% used [0x00000000e0000000,0x00000000e0000000,0x00000000ebd00000)
  from space 110592K, 0% used [0x00000000ebd00000,0x00000000ebd00000,0x00000000f2900000)
  to   space 125440K, 0% used [0x00000000f6000000,0x00000000f6000000,0x00000000fda80000)
 ParOldGen       total 410112K, used 230063K [0x00000000a0000000, 0x00000000b9080000, 0x00000000e0000000)
  object space 410112K, 56% used [0x00000000a0000000,0x00000000ae0abdc8,0x00000000b9080000)
 Metaspace       used 105221K, capacity 109916K, committed 113684K, reserved 1148928K
  class space    used 13507K, capacity 14432K, committed 15164K, reserved 1048576K
}
Event: 2597.727 GC heap before
{Heap before GC invocations=45 (full 5):
 PSYoungGen      total 304128K, used 193536K [0x00000000e0000000, 0x00000000fda80000, 0x0000000100000000)
  eden space 193536K, 100% used [0x00000000e0000000,0x00000000ebd00000,0x00000000ebd00000)
  from space 110592K, 0% used [0x00000000ebd00000,0x00000000ebd00000,0x00000000f2900000)
  to   space 125440K, 0% used [0x00000000f6000000,0x00000000f6000000,0x00000000fda80000)
 ParOldGen       total 410112K, used 230063K [0x00000000a0000000, 0x00000000b9080000, 0x00000000e0000000)
  object space 410112K, 56% used [0x00000000a0000000,0x00000000ae0abdc8,0x00000000b9080000)
 Metaspace       used 105255K, capacity 109946K, committed 113684K, reserved 1148928K
  class space    used 13514K, capacity 14437K, committed 15164K, reserved 1048576K
Event: 2597.768 GC heap after
Heap after GC invocations=45 (full 5):
 PSYoungGen      total 351232K, used 31662K [0x00000000e0000000, 0x00000000fd180000, 0x0000000100000000)
  eden space 235008K, 0% used [0x00000000e0000000,0x00000000e0000000,0x00000000ee580000)
  from space 116224K, 27% used [0x00000000f6000000,0x00000000f7eeba20,0x00000000fd180000)
  to   space 120832K, 0% used [0x00000000ee580000,0x00000000ee580000,0x00000000f5b80000)
 ParOldGen       total 410112K, used 230063K [0x00000000a0000000, 0x00000000b9080000, 0x00000000e0000000)
  object space 410112K, 56% used [0x00000000a0000000,0x00000000ae0abdc8,0x00000000b9080000)
 Metaspace       used 105255K, capacity 109946K, committed 113684K, reserved 1148928K
  class space    used 13514K, capacity 14437K, committed 15164K, reserved 1048576K
}
Event: 2609.245 GC heap before
{Heap before GC invocations=46 (full 5):
 PSYoungGen      total 351232K, used 266347K [0x00000000e0000000, 0x00000000fd180000, 0x0000000100000000)
  eden space 235008K, 99% used [0x00000000e0000000,0x00000000ee52f228,0x00000000ee580000)
  from space 116224K, 27% used [0x00000000f6000000,0x00000000f7eeba20,0x00000000fd180000)
  to   space 120832K, 0% used [0x00000000ee580000,0x00000000ee580000,0x00000000f5b80000)
 ParOldGen       total 410112K, used 230063K [0x00000000a0000000, 0x00000000b9080000, 0x00000000e0000000)
  object space 410112K, 56% used [0x00000000a0000000,0x00000000ae0abdc8,0x00000000b9080000)
 Metaspace       used 106040K, capacity 110776K, committed 113684K, reserved 1148928K
  class space    used 13634K, capacity 14546K, committed 15164K, reserved 1048576K
Event: 2609.326 GC heap after
Heap after GC invocations=46 (full 5):
 PSYoungGen      total 355840K, used 9939K [0x00000000e0000000, 0x00000000ff880000, 0x0000000100000000)
  eden space 235008K, 0% used [0x00000000e0000000,0x00000000e0000000,0x00000000ee580000)
  from space 120832K, 8% used [0x00000000ee580000,0x00000000eef34ff0,0x00000000f5b80000)
  to   space 119808K, 0% used [0x00000000f8380000,0x00000000f8380000,0x00000000ff880000)
 ParOldGen       total 410112K, used 230071K [0x00000000a0000000, 0x00000000b9080000, 0x00000000e0000000)
  object space 410112K, 56% used [0x00000000a0000000,0x00000000ae0addc8,0x00000000b9080000)
 Metaspace       used 106040K, capacity 110776K, committed 113684K, reserved 1148928K
  class space    used 13634K, capacity 14546K, committed 15164K, reserved 1048576K
}
Event: 2655.620 GC heap before
{Heap before GC invocations=47 (full 5):
 PSYoungGen      total 355840K, used 244947K [0x00000000e0000000, 0x00000000ff880000, 0x0000000100000000)
  eden space 235008K, 100% used [0x00000000e0000000,0x00000000ee580000,0x00000000ee580000)
  from space 120832K, 8% used [0x00000000ee580000,0x00000000eef34ff0,0x00000000f5b80000)
  to   space 119808K, 0% used [0x00000000f8380000,0x00000000f8380000,0x00000000ff880000)
 ParOldGen       total 410112K, used 230071K [0x00000000a0000000, 0x00000000b9080000, 0x00000000e0000000)
  object space 410112K, 56% used [0x00000000a0000000,0x00000000ae0addc8,0x00000000b9080000)
 Metaspace       used 107087K, capacity 112000K, committed 113684K, reserved 1148928K
  class space    used 13797K, capacity 14740K, committed 15164K, reserved 1048576K
Event: 2655.716 GC heap after
Heap after GC invocations=47 (full 5):
 PSYoungGen      total 380416K, used 29944K [0x00000000e0000000, 0x00000000feb00000, 0x0000000100000000)
  eden space 274432K, 0% used [0x00000000e0000000,0x00000000e0000000,0x00000000f0c00000)
  from space 105984K, 28% used [0x00000000f8380000,0x00000000fa0be278,0x00000000feb00000)
  to   space 114176K, 0% used [0x00000000f0c00000,0x00000000f0c00000,0x00000000f7b80000)
 ParOldGen       total 410112K, used 237794K [0x00000000a0000000, 0x00000000b9080000, 0x00000000e0000000)
  object space 410112K, 57% used [0x00000000a0000000,0x00000000ae838820,0x00000000b9080000)
 Metaspace       used 107087K, capacity 112000K, committed 113684K, reserved 1148928K
  class space    used 13797K, capacity 14740K, committed 15164K, reserved 1048576K
}
Event: 3325.044 GC heap before
{Heap before GC invocations=48 (full 5):
 PSYoungGen      total 380416K, used 304376K [0x00000000e0000000, 0x00000000feb00000, 0x0000000100000000)
  eden space 274432K, 100% used [0x00000000e0000000,0x00000000f0c00000,0x00000000f0c00000)
  from space 105984K, 28% used [0x00000000f8380000,0x00000000fa0be278,0x00000000feb00000)
  to   space 114176K, 0% used [0x00000000f0c00000,0x00000000f0c00000,0x00000000f7b80000)
 ParOldGen       total 410112K, used 237794K [0x00000000a0000000, 0x00000000b9080000, 0x00000000e0000000)
  object space 410112K, 57% used [0x00000000a0000000,0x00000000ae838820,0x00000000b9080000)
 Metaspace       used 107427K, capacity 112452K, committed 113940K, reserved 1148928K
  class space    used 13836K, capacity 14810K, committed 15164K, reserved 1048576K
Event: 3325.885 GC heap after
Heap after GC invocations=48 (full 5):
 PSYoungGen      total 388608K, used 24397K [0x00000000e0000000, 0x0000000100000000, 0x0000000100000000)
  eden space 274432K, 0% used [0x00000000e0000000,0x00000000e0000000,0x00000000f0c00000)
  from space 114176K, 21% used [0x00000000f0c00000,0x00000000f23d34d0,0x00000000f7b80000)
  to   space 110080K, 0% used [0x00000000f9480000,0x00000000f9480000,0x0000000100000000)
 ParOldGen       total 410112K, used 240574K [0x00000000a0000000, 0x00000000b9080000, 0x00000000e0000000)
  object space 410112K, 58% used [0x00000000a0000000,0x00000000aeaefa78,0x00000000b9080000)
 Metaspace       used 107427K, capacity 112452K, committed 113940K, reserved 1148928K
  class space    used 13836K, capacity 14810K, committed 15164K, reserved 1048576K
}

