# JRE version: Java(TM) SE Runtime Environment (8.0_201-b09) (build 1.8.0_201-b09)
# Java VM: Java HotSpot(TM) 64-Bit Server VM (25.201-b09 mixed mode windows-amd64 compressed oops)
Heap:
 PSYoungGen      total 199680K, used 73469K [0x00000000e0000000, 0x00000000efd00000, 0x0000000100000000)
  eden space 180736K, 31% used [0x00000000e0000000,0x00000000e37e8e00,0x00000000eb080000)
  from space 18944K, 85% used [0x00000000eb080000,0x00000000ec056938,0x00000000ec300000)
  to   space 20480K, 0% used [0x00000000ee900000,0x00000000ee900000,0x00000000efd00000)
 ParOldGen       total 134144K, used 35306K [0x00000000a0000000, 0x00000000a8300000, 0x00000000e0000000)
  object space 134144K, 26% used [0x00000000a0000000,0x00000000a227aba0,0x00000000a8300000)
 Metaspace       used 60065K, capacity 62264K, committed 62464K, reserved 1103872K
  class space    used 8410K, capacity 8944K, committed 8960K, reserved 1048576K
GC Heap History (10 events):
Event: 43.795 GC heap before
{Heap before GC invocations=12 (full 2):
 PSYoungGen      total 117760K, used 105984K [0x00000000e0000000, 0x00000000ea780000, 0x0000000100000000)
  eden space 105984K, 100% used [0x00000000e0000000,0x00000000e6780000,0x00000000e6780000)
  from space 11776K, 0% used [0x00000000e6780000,0x00000000e6780000,0x00000000e7300000)
  to   space 12800K, 0% used [0x00000000e9b00000,0x00000000e9b00000,0x00000000ea780000)
 ParOldGen       total 88064K, used 17653K [0x00000000a0000000, 0x00000000a5600000, 0x00000000e0000000)
  object space 88064K, 20% used [0x00000000a0000000,0x00000000a113d4a8,0x00000000a5600000)
 Metaspace       used 44983K, capacity 46220K, committed 46336K, reserved 1089536K
  class space    used 6213K, capacity 6572K, committed 6656K, reserved 1048576K
Event: 43.822 GC heap after
Heap after GC invocations=12 (full 2):
 PSYoungGen      total 150528K, used 12789K [0x00000000e0000000, 0x00000000ea780000, 0x0000000100000000)
  eden space 137728K, 0% used [0x00000000e0000000,0x00000000e0000000,0x00000000e8680000)
  from space 12800K, 99% used [0x00000000e9b00000,0x00000000ea77d618,0x00000000ea780000)
  to   space 14848K, 0% used [0x00000000e8a80000,0x00000000e8a80000,0x00000000e9900000)
 ParOldGen       total 88064K, used 19684K [0x00000000a0000000, 0x00000000a5600000, 0x00000000e0000000)
  object space 88064K, 22% used [0x00000000a0000000,0x00000000a1339138,0x00000000a5600000)
 Metaspace       used 44983K, capacity 46220K, committed 46336K, reserved 1089536K
  class space    used 6213K, capacity 6572K, committed 6656K, reserved 1048576K
}
Event: 50.481 GC heap before
{Heap before GC invocations=13 (full 2):
 PSYoungGen      total 150528K, used 150517K [0x00000000e0000000, 0x00000000ea780000, 0x0000000100000000)
  eden space 137728K, 100% used [0x00000000e0000000,0x00000000e8680000,0x00000000e8680000)
  from space 12800K, 99% used [0x00000000e9b00000,0x00000000ea77d618,0x00000000ea780000)
  to   space 14848K, 0% used [0x00000000e8a80000,0x00000000e8a80000,0x00000000e9900000)
 ParOldGen       total 88064K, used 19684K [0x00000000a0000000, 0x00000000a5600000, 0x00000000e0000000)
  object space 88064K, 22% used [0x00000000a0000000,0x00000000a1339138,0x00000000a5600000)
 Metaspace       used 54402K, capacity 56138K, committed 56320K, reserved 1097728K
  class space    used 7663K, capacity 8115K, committed 8192K, reserved 1048576K
Event: 50.577 GC heap after
Heap after GC invocations=13 (full 2):
 PSYoungGen      total 156672K, used 14818K [0x00000000e0000000, 0x00000000ed600000, 0x0000000100000000)
  eden space 141824K, 0% used [0x00000000e0000000,0x00000000e0000000,0x00000000e8a80000)
  from space 14848K, 99% used [0x00000000e8a80000,0x00000000e98f8938,0x00000000e9900000)
  to   space 19456K, 0% used [0x00000000ec300000,0x00000000ec300000,0x00000000ed600000)
 ParOldGen       total 88064K, used 26561K [0x00000000a0000000, 0x00000000a5600000, 0x00000000e0000000)
  object space 88064K, 30% used [0x00000000a0000000,0x00000000a19f0588,0x00000000a5600000)
 Metaspace       used 54402K, capacity 56138K, committed 56320K, reserved 1097728K
  class space    used 7663K, capacity 8115K, committed 8192K, reserved 1048576K
}
Event: 55.092 GC heap before
{Heap before GC invocations=14 (full 2):
 PSYoungGen      total 156672K, used 67354K [0x00000000e0000000, 0x00000000ed600000, 0x0000000100000000)
  eden space 141824K, 37% used [0x00000000e0000000,0x00000000e334df00,0x00000000e8a80000)
  from space 14848K, 99% used [0x00000000e8a80000,0x00000000e98f8938,0x00000000e9900000)
  to   space 19456K, 0% used [0x00000000ec300000,0x00000000ec300000,0x00000000ed600000)
 ParOldGen       total 88064K, used 26561K [0x00000000a0000000, 0x00000000a5600000, 0x00000000e0000000)
  object space 88064K, 30% used [0x00000000a0000000,0x00000000a19f0588,0x00000000a5600000)
 Metaspace       used 57119K, capacity 59076K, committed 59160K, reserved 1099776K
  class space    used 8024K, capacity 8532K, committed 8576K, reserved 1048576K
Event: 55.178 GC heap after
Heap after GC invocations=14 (full 2):
 PSYoungGen      total 200192K, used 5310K [0x00000000e0000000, 0x00000000edc80000, 0x0000000100000000)
  eden space 180736K, 0% used [0x00000000e0000000,0x00000000e0000000,0x00000000eb080000)
  from space 19456K, 27% used [0x00000000ec300000,0x00000000ec82fb30,0x00000000ed600000)
  to   space 18944K, 0% used [0x00000000eb080000,0x00000000eb080000,0x00000000ec300000)
 ParOldGen       total 88064K, used 35187K [0x00000000a0000000, 0x00000000a5600000, 0x00000000e0000000)
  object space 88064K, 39% used [0x00000000a0000000,0x00000000a225cdb8,0x00000000a5600000)
 Metaspace       used 57119K, capacity 59076K, committed 59160K, reserved 1099776K
  class space    used 8024K, capacity 8532K, committed 8576K, reserved 1048576K
}
Event: 55.178 GC heap before
{Heap before GC invocations=15 (full 3):
 PSYoungGen      total 200192K, used 5310K [0x00000000e0000000, 0x00000000edc80000, 0x0000000100000000)
  eden space 180736K, 0% used [0x00000000e0000000,0x00000000e0000000,0x00000000eb080000)
  from space 19456K, 27% used [0x00000000ec300000,0x00000000ec82fb30,0x00000000ed600000)
  to   space 18944K, 0% used [0x00000000eb080000,0x00000000eb080000,0x00000000ec300000)
 ParOldGen       total 88064K, used 35187K [0x00000000a0000000, 0x00000000a5600000, 0x00000000e0000000)
  object space 88064K, 39% used [0x00000000a0000000,0x00000000a225cdb8,0x00000000a5600000)
 Metaspace       used 57119K, capacity 59076K, committed 59160K, reserved 1099776K
  class space    used 8024K, capacity 8532K, committed 8576K, reserved 1048576K
Event: 55.897 GC heap after
Heap after GC invocations=15 (full 3):
 PSYoungGen      total 200192K, used 0K [0x00000000e0000000, 0x00000000edc80000, 0x0000000100000000)
  eden space 180736K, 0% used [0x00000000e0000000,0x00000000e0000000,0x00000000eb080000)
  from space 19456K, 0% used [0x00000000ec300000,0x00000000ec300000,0x00000000ed600000)
  to   space 18944K, 0% used [0x00000000eb080000,0x00000000eb080000,0x00000000ec300000)
 ParOldGen       total 134144K, used 35298K [0x00000000a0000000, 0x00000000a8300000, 0x00000000e0000000)
  object space 134144K, 26% used [0x00000000a0000000,0x00000000a2278ba0,0x00000000a8300000)
 Metaspace       used 57119K, capacity 59076K, committed 59160K, reserved 1099776K
  class space    used 8024K, capacity 8532K, committed 8576K, reserved 1048576K
}
Event: 83.367 GC heap before
{Heap before GC invocations=16 (full 3):
 PSYoungGen      total 200192K, used 180736K [0x00000000e0000000, 0x00000000edc80000, 0x0000000100000000)
  eden space 180736K, 100% used [0x00000000e0000000,0x00000000eb080000,0x00000000eb080000)
  from space 19456K, 0% used [0x00000000ec300000,0x00000000ec300000,0x00000000ed600000)
  to   space 18944K, 0% used [0x00000000eb080000,0x00000000eb080000,0x00000000ec300000)
 ParOldGen       total 134144K, used 35298K [0x00000000a0000000, 0x00000000a8300000, 0x00000000e0000000)
  object space 134144K, 26% used [0x00000000a0000000,0x00000000a2278ba0,0x00000000a8300000)
 Metaspace       used 59963K, capacity 62156K, committed 62208K, reserved 1101824K
  class space    used 8399K, capacity 8908K, committed 8960K, reserved 1048576K
Event: 83.470 GC heap after
Heap after GC invocations=16 (full 3):
 PSYoungGen      total 199680K, used 16218K [0x00000000e0000000, 0x00000000efd00000, 0x0000000100000000)
  eden space 180736K, 0% used [0x00000000e0000000,0x00000000e0000000,0x00000000eb080000)
  from space 18944K, 85% used [0x00000000eb080000,0x00000000ec056938,0x00000000ec300000)
  to   space 20480K, 0% used [0x00000000ee900000,0x00000000ee900000,0x00000000efd00000)
 ParOldGen       total 134144K, used 35306K [0x00000000a0000000, 0x00000000a8300000, 0x00000000e0000000)
  object space 134144K, 26% used [0x00000000a0000000,0x00000000a227aba0,0x00000000a8300000)
 Metaspace       used 59963K, capacity 62156K, committed 62208K, reserved 1101824K
  class space    used 8399K, capacity 8908K, committed 8960K, reserved 1048576K
}

