# JRE version: Java(TM) SE Runtime Environment (8.0_201-b09) (build 1.8.0_201-b09)
# Java VM: Java HotSpot(TM) 64-Bit Server VM (25.201-b09 mixed mode windows-amd64 compressed oops)
Heap:
 PSYoungGen      total 333824K, used 132337K [0x00000000e0000000, 0x00000000f9480000, 0x0000000100000000)
  eden space 270848K, 41% used [0x00000000e0000000,0x00000000e6d531b8,0x00000000f0880000)
  from space 62976K, 32% used [0x00000000f5700000,0x00000000f6ae9500,0x00000000f9480000)
  to   space 71680K, 0% used [0x00000000f0880000,0x00000000f0880000,0x00000000f4e80000)
 ParOldGen       total 291840K, used 242031K [0x00000000a0000000, 0x00000000b1d00000, 0x00000000e0000000)
  object space 291840K, 82% used [0x00000000a0000000,0x00000000aec5be48,0x00000000b1d00000)
 Metaspace       used 87155K, capacity 90776K, committed 91008K, reserved 1130496K
  class space    used 11656K, capacity 12382K, committed 12416K, reserved 1048576K
GC Heap History (10 events):
Event: 106.503 GC heap before
{Heap before GC invocations=26 (full 4):
 PSYoungGen      total 195072K, used 181559K [0x00000000e0000000, 0x00000000f3c80000, 0x0000000100000000)
  eden space 168448K, 100% used [0x00000000e0000000,0x00000000ea480000,0x00000000ea480000)
  from space 26624K, 49% used [0x00000000ea480000,0x00000000eb14de38,0x00000000ebe80000)
  to   space 57856K, 0% used [0x00000000f0400000,0x00000000f0400000,0x00000000f3c80000)
 ParOldGen       total 291840K, used 134672K [0x00000000a0000000, 0x00000000b1d00000, 0x00000000e0000000)
  object space 291840K, 46% used [0x00000000a0000000,0x00000000a8384048,0x00000000b1d00000)
 Metaspace       used 71202K, capacity 74216K, committed 74880K, reserved 1114112K
  class space    used 9822K, capacity 10440K, committed 10624K, reserved 1048576K
Event: 106.831 GC heap after
Heap after GC invocations=26 (full 4):
 PSYoungGen      total 247808K, used 57847K [0x00000000e0000000, 0x00000000f5c80000, 0x0000000100000000)
  eden space 189952K, 0% used [0x00000000e0000000,0x00000000e0000000,0x00000000eb980000)
  from space 57856K, 99% used [0x00000000f0400000,0x00000000f3c7df58,0x00000000f3c80000)
  to   space 76288K, 0% used [0x00000000eb980000,0x00000000eb980000,0x00000000f0400000)
 ParOldGen       total 291840K, used 156708K [0x00000000a0000000, 0x00000000b1d00000, 0x00000000e0000000)
  object space 291840K, 53% used [0x00000000a0000000,0x00000000a9909170,0x00000000b1d00000)
 Metaspace       used 71202K, capacity 74216K, committed 74880K, reserved 1114112K
  class space    used 9822K, capacity 10440K, committed 10624K, reserved 1048576K
}
Event: 114.641 GC heap before
{Heap before GC invocations=27 (full 4):
 PSYoungGen      total 247808K, used 247531K [0x00000000e0000000, 0x00000000f5c80000, 0x0000000100000000)
  eden space 189952K, 99% used [0x00000000e0000000,0x00000000eb93cd18,0x00000000eb980000)
  from space 57856K, 99% used [0x00000000f0400000,0x00000000f3c7df58,0x00000000f3c80000)
  to   space 76288K, 0% used [0x00000000eb980000,0x00000000eb980000,0x00000000f0400000)
 ParOldGen       total 291840K, used 156708K [0x00000000a0000000, 0x00000000b1d00000, 0x00000000e0000000)
  object space 291840K, 53% used [0x00000000a0000000,0x00000000a9909170,0x00000000b1d00000)
 Metaspace       used 71210K, capacity 74216K, committed 74880K, reserved 1114112K
  class space    used 9822K, capacity 10440K, committed 10624K, reserved 1048576K
Event: 115.777 GC heap after
Heap after GC invocations=27 (full 4):
 PSYoungGen      total 266240K, used 44378K [0x00000000e0000000, 0x00000000f7f80000, 0x0000000100000000)
  eden space 189952K, 0% used [0x00000000e0000000,0x00000000e0000000,0x00000000eb980000)
  from space 76288K, 58% used [0x00000000eb980000,0x00000000ee4d69f8,0x00000000f0400000)
  to   space 78336K, 0% used [0x00000000f3300000,0x00000000f3300000,0x00000000f7f80000)
 ParOldGen       total 291840K, used 214714K [0x00000000a0000000, 0x00000000b1d00000, 0x00000000e0000000)
  object space 291840K, 73% used [0x00000000a0000000,0x00000000ad1ae978,0x00000000b1d00000)
 Metaspace       used 71210K, capacity 74216K, committed 74880K, reserved 1114112K
  class space    used 9822K, capacity 10440K, committed 10624K, reserved 1048576K
}
Event: 124.419 GC heap before
{Heap before GC invocations=28 (full 4):
 PSYoungGen      total 266240K, used 234330K [0x00000000e0000000, 0x00000000f7f80000, 0x0000000100000000)
  eden space 189952K, 100% used [0x00000000e0000000,0x00000000eb980000,0x00000000eb980000)
  from space 76288K, 58% used [0x00000000eb980000,0x00000000ee4d69f8,0x00000000f0400000)
  to   space 78336K, 0% used [0x00000000f3300000,0x00000000f3300000,0x00000000f7f80000)
 ParOldGen       total 291840K, used 214714K [0x00000000a0000000, 0x00000000b1d00000, 0x00000000e0000000)
  object space 291840K, 73% used [0x00000000a0000000,0x00000000ad1ae978,0x00000000b1d00000)
 Metaspace       used 72901K, capacity 76020K, committed 76672K, reserved 1116160K
  class space    used 10061K, capacity 10700K, committed 10880K, reserved 1048576K
Event: 125.162 GC heap after
Heap after GC invocations=28 (full 4):
 PSYoungGen      total 313344K, used 3329K [0x00000000e0000000, 0x00000000f7e00000, 0x0000000100000000)
  eden space 236544K, 0% used [0x00000000e0000000,0x00000000e0000000,0x00000000ee700000)
  from space 76800K, 4% used [0x00000000f3300000,0x00000000f36407b8,0x00000000f7e00000)
  to   space 77312K, 0% used [0x00000000ee700000,0x00000000ee700000,0x00000000f3280000)
 ParOldGen       total 291840K, used 228035K [0x00000000a0000000, 0x00000000b1d00000, 0x00000000e0000000)
  object space 291840K, 78% used [0x00000000a0000000,0x00000000adeb0ed0,0x00000000b1d00000)
 Metaspace       used 72901K, capacity 76020K, committed 76672K, reserved 1116160K
  class space    used 10061K, capacity 10700K, committed 10880K, reserved 1048576K
}
Event: 777.690 GC heap before
{Heap before GC invocations=29 (full 4):
 PSYoungGen      total 313344K, used 239873K [0x00000000e0000000, 0x00000000f7e00000, 0x0000000100000000)
  eden space 236544K, 100% used [0x00000000e0000000,0x00000000ee700000,0x00000000ee700000)
  from space 76800K, 4% used [0x00000000f3300000,0x00000000f36407b8,0x00000000f7e00000)
  to   space 77312K, 0% used [0x00000000ee700000,0x00000000ee700000,0x00000000f3280000)
 ParOldGen       total 291840K, used 228035K [0x00000000a0000000, 0x00000000b1d00000, 0x00000000e0000000)
  object space 291840K, 78% used [0x00000000a0000000,0x00000000adeb0ed0,0x00000000b1d00000)
 Metaspace       used 80573K, capacity 84072K, committed 84352K, reserved 1122304K
  class space    used 10910K, capacity 11636K, committed 11648K, reserved 1048576K
Event: 778.612 GC heap after
Heap after GC invocations=29 (full 4):
 PSYoungGen      total 313856K, used 34904K [0x00000000e0000000, 0x00000000fa100000, 0x0000000100000000)
  eden space 236544K, 0% used [0x00000000e0000000,0x00000000e0000000,0x00000000ee700000)
  from space 77312K, 45% used [0x00000000ee700000,0x00000000f0916360,0x00000000f3280000)
  to   space 75776K, 0% used [0x00000000f5700000,0x00000000f5700000,0x00000000fa100000)
 ParOldGen       total 291840K, used 229139K [0x00000000a0000000, 0x00000000b1d00000, 0x00000000e0000000)
  object space 291840K, 78% used [0x00000000a0000000,0x00000000adfc4ef0,0x00000000b1d00000)
 Metaspace       used 80573K, capacity 84072K, committed 84352K, reserved 1122304K
  class space    used 10910K, capacity 11636K, committed 11648K, reserved 1048576K
}
Event: 806.231 GC heap before
{Heap before GC invocations=30 (full 4):
 PSYoungGen      total 313856K, used 271448K [0x00000000e0000000, 0x00000000fa100000, 0x0000000100000000)
  eden space 236544K, 100% used [0x00000000e0000000,0x00000000ee700000,0x00000000ee700000)
  from space 77312K, 45% used [0x00000000ee700000,0x00000000f0916360,0x00000000f3280000)
  to   space 75776K, 0% used [0x00000000f5700000,0x00000000f5700000,0x00000000fa100000)
 ParOldGen       total 291840K, used 229139K [0x00000000a0000000, 0x00000000b1d00000, 0x00000000e0000000)
  object space 291840K, 78% used [0x00000000a0000000,0x00000000adfc4ef0,0x00000000b1d00000)
 Metaspace       used 86700K, capacity 90214K, committed 90496K, reserved 1128448K
  class space    used 11629K, capacity 12355K, committed 12416K, reserved 1048576K
Event: 806.429 GC heap after
Heap after GC invocations=30 (full 4):
 PSYoungGen      total 333824K, used 20389K [0x00000000e0000000, 0x00000000f9480000, 0x0000000100000000)
  eden space 270848K, 0% used [0x00000000e0000000,0x00000000e0000000,0x00000000f0880000)
  from space 62976K, 32% used [0x00000000f5700000,0x00000000f6ae9500,0x00000000f9480000)
  to   space 71680K, 0% used [0x00000000f0880000,0x00000000f0880000,0x00000000f4e80000)
 ParOldGen       total 291840K, used 242031K [0x00000000a0000000, 0x00000000b1d00000, 0x00000000e0000000)
  object space 291840K, 82% used [0x00000000a0000000,0x00000000aec5be48,0x00000000b1d00000)
 Metaspace       used 86700K, capacity 90214K, committed 90496K, reserved 1128448K
  class space    used 11629K, capacity 12355K, committed 12416K, reserved 1048576K
}

