# JRE version: Java(TM) SE Runtime Environment (8.0_201-b09) (build 1.8.0_201-b09)
# Java VM: Java HotSpot(TM) 64-Bit Server VM (25.201-b09 mixed mode windows-amd64 compressed oops)
Heap:
 PSYoungGen      total 444928K, used 141347K [0x00000000e0000000, 0x00000000ffd00000, 0x0000000100000000)
  eden space 374784K, 36% used [0x00000000e0000000,0x00000000e84d9958,0x00000000f6e00000)
  from space 70144K, 7% used [0x00000000fb880000,0x00000000fbdaf340,0x00000000ffd00000)
  to   space 73216K, 0% used [0x00000000f6e00000,0x00000000f6e00000,0x00000000fb580000)
 ParOldGen       total 364032K, used 251149K [0x00000000a0000000, 0x00000000b6380000, 0x00000000e0000000)
  object space 364032K, 68% used [0x00000000a0000000,0x00000000af543758,0x00000000b6380000)
 Metaspace       used 94327K, capacity 98606K, committed 98688K, reserved 1134592K
  class space    used 12310K, capacity 13115K, committed 13184K, reserved 1048576K
GC Heap History (10 events):
Event: 232.649 GC heap before
{Heap before GC invocations=30 (full 4):
 PSYoungGen      total 288256K, used 254464K [0x00000000e0000000, 0x00000000fc180000, 0x0000000100000000)
  eden space 254464K, 100% used [0x00000000e0000000,0x00000000ef880000,0x00000000ef880000)
  from space 33792K, 0% used [0x00000000ef880000,0x00000000ef880000,0x00000000f1980000)
  to   space 79360K, 0% used [0x00000000f7400000,0x00000000f7400000,0x00000000fc180000)
 ParOldGen       total 364032K, used 199910K [0x00000000a0000000, 0x00000000b6380000, 0x00000000e0000000)
  object space 364032K, 54% used [0x00000000a0000000,0x00000000ac339b20,0x00000000b6380000)
 Metaspace       used 89684K, capacity 93244K, committed 93696K, reserved 1130496K
  class space    used 11694K, capacity 12410K, committed 12544K, reserved 1048576K
Event: 232.728 GC heap after
Heap after GC invocations=30 (full 4):
 PSYoungGen      total 374784K, used 58472K [0x00000000e0000000, 0x00000000fcd80000, 0x0000000100000000)
  eden space 295424K, 0% used [0x00000000e0000000,0x00000000e0000000,0x00000000f2080000)
  from space 79360K, 73% used [0x00000000f7400000,0x00000000fad1a140,0x00000000fc180000)
  to   space 85504K, 0% used [0x00000000f2080000,0x00000000f2080000,0x00000000f7400000)
 ParOldGen       total 364032K, used 199910K [0x00000000a0000000, 0x00000000b6380000, 0x00000000e0000000)
  object space 364032K, 54% used [0x00000000a0000000,0x00000000ac339b20,0x00000000b6380000)
 Metaspace       used 89684K, capacity 93244K, committed 93696K, reserved 1130496K
  class space    used 11694K, capacity 12410K, committed 12544K, reserved 1048576K
}
Event: 237.048 GC heap before
{Heap before GC invocations=31 (full 4):
 PSYoungGen      total 374784K, used 353896K [0x00000000e0000000, 0x00000000fcd80000, 0x0000000100000000)
  eden space 295424K, 100% used [0x00000000e0000000,0x00000000f2080000,0x00000000f2080000)
  from space 79360K, 73% used [0x00000000f7400000,0x00000000fad1a140,0x00000000fc180000)
  to   space 85504K, 0% used [0x00000000f2080000,0x00000000f2080000,0x00000000f7400000)
 ParOldGen       total 364032K, used 199910K [0x00000000a0000000, 0x00000000b6380000, 0x00000000e0000000)
  object space 364032K, 54% used [0x00000000a0000000,0x00000000ac339b20,0x00000000b6380000)
 Metaspace       used 89890K, capacity 93482K, committed 93952K, reserved 1130496K
  class space    used 11716K, capacity 12421K, committed 12544K, reserved 1048576K
Event: 237.172 GC heap after
Heap after GC invocations=31 (full 4):
 PSYoungGen      total 380928K, used 33030K [0x00000000e0000000, 0x00000000ff280000, 0x0000000100000000)
  eden space 295424K, 0% used [0x00000000e0000000,0x00000000e0000000,0x00000000f2080000)
  from space 85504K, 38% used [0x00000000f2080000,0x00000000f40c1870,0x00000000f7400000)
  to   space 80384K, 0% used [0x00000000fa400000,0x00000000fa400000,0x00000000ff280000)
 ParOldGen       total 364032K, used 199918K [0x00000000a0000000, 0x00000000b6380000, 0x00000000e0000000)
  object space 364032K, 54% used [0x00000000a0000000,0x00000000ac33bb20,0x00000000b6380000)
 Metaspace       used 89890K, capacity 93482K, committed 93952K, reserved 1130496K
  class space    used 11716K, capacity 12421K, committed 12544K, reserved 1048576K
}
Event: 3576.457 GC heap before
{Heap before GC invocations=32 (full 4):
 PSYoungGen      total 380928K, used 328454K [0x00000000e0000000, 0x00000000ff280000, 0x0000000100000000)
  eden space 295424K, 100% used [0x00000000e0000000,0x00000000f2080000,0x00000000f2080000)
  from space 85504K, 38% used [0x00000000f2080000,0x00000000f40c1870,0x00000000f7400000)
  to   space 80384K, 0% used [0x00000000fa400000,0x00000000fa400000,0x00000000ff280000)
 ParOldGen       total 364032K, used 199918K [0x00000000a0000000, 0x00000000b6380000, 0x00000000e0000000)
  object space 364032K, 54% used [0x00000000a0000000,0x00000000ac33bb20,0x00000000b6380000)
 Metaspace       used 93372K, capacity 97310K, committed 97536K, reserved 1134592K
  class space    used 12244K, capacity 13041K, committed 13056K, reserved 1048576K
Event: 3577.301 GC heap after
Heap after GC invocations=32 (full 4):
 PSYoungGen      total 409600K, used 27987K [0x00000000e0000000, 0x00000000fe480000, 0x0000000100000000)
  eden space 343552K, 0% used [0x00000000e0000000,0x00000000e0000000,0x00000000f4f80000)
  from space 66048K, 42% used [0x00000000fa400000,0x00000000fbf54c20,0x00000000fe480000)
  to   space 76288K, 0% used [0x00000000f4f80000,0x00000000f4f80000,0x00000000f9a00000)
 ParOldGen       total 364032K, used 230275K [0x00000000a0000000, 0x00000000b6380000, 0x00000000e0000000)
  object space 364032K, 63% used [0x00000000a0000000,0x00000000ae0e0c40,0x00000000b6380000)
 Metaspace       used 93372K, capacity 97310K, committed 97536K, reserved 1134592K
  class space    used 12244K, capacity 13041K, committed 13056K, reserved 1048576K
}
Event: 3612.911 GC heap before
{Heap before GC invocations=33 (full 4):
 PSYoungGen      total 409600K, used 371511K [0x00000000e0000000, 0x00000000fe480000, 0x0000000100000000)
  eden space 343552K, 99% used [0x00000000e0000000,0x00000000f4f79350,0x00000000f4f80000)
  from space 66048K, 42% used [0x00000000fa400000,0x00000000fbf54c20,0x00000000fe480000)
  to   space 76288K, 0% used [0x00000000f4f80000,0x00000000f4f80000,0x00000000f9a00000)
 ParOldGen       total 364032K, used 230275K [0x00000000a0000000, 0x00000000b6380000, 0x00000000e0000000)
  object space 364032K, 63% used [0x00000000a0000000,0x00000000ae0e0c40,0x00000000b6380000)
 Metaspace       used 93658K, capacity 97658K, committed 97792K, reserved 1134592K
  class space    used 12262K, capacity 13045K, committed 13056K, reserved 1048576K
Event: 3613.027 GC heap after
Heap after GC invocations=33 (full 4):
 PSYoungGen      total 419840K, used 34316K [0x00000000e0000000, 0x0000000100000000, 0x0000000100000000)
  eden space 343552K, 0% used [0x00000000e0000000,0x00000000e0000000,0x00000000f4f80000)
  from space 76288K, 44% used [0x00000000f4f80000,0x00000000f71030a8,0x00000000f9a00000)
  to   space 73216K, 0% used [0x00000000fb880000,0x00000000fb880000,0x0000000100000000)
 ParOldGen       total 364032K, used 236276K [0x00000000a0000000, 0x00000000b6380000, 0x00000000e0000000)
  object space 364032K, 64% used [0x00000000a0000000,0x00000000ae6bd0a0,0x00000000b6380000)
 Metaspace       used 93658K, capacity 97658K, committed 97792K, reserved 1134592K
  class space    used 12262K, capacity 13045K, committed 13056K, reserved 1048576K
}
Event: 3626.928 GC heap before
{Heap before GC invocations=34 (full 4):
 PSYoungGen      total 419840K, used 377868K [0x00000000e0000000, 0x0000000100000000, 0x0000000100000000)
  eden space 343552K, 100% used [0x00000000e0000000,0x00000000f4f80000,0x00000000f4f80000)
  from space 76288K, 44% used [0x00000000f4f80000,0x00000000f71030a8,0x00000000f9a00000)
  to   space 73216K, 0% used [0x00000000fb880000,0x00000000fb880000,0x0000000100000000)
 ParOldGen       total 364032K, used 236276K [0x00000000a0000000, 0x00000000b6380000, 0x00000000e0000000)
  object space 364032K, 64% used [0x00000000a0000000,0x00000000ae6bd0a0,0x00000000b6380000)
 Metaspace       used 94021K, capacity 98026K, committed 98048K, reserved 1134592K
  class space    used 12274K, capacity 13051K, committed 13056K, reserved 1048576K
Event: 3626.952 GC heap after
Heap after GC invocations=34 (full 4):
 PSYoungGen      total 444928K, used 5308K [0x00000000e0000000, 0x00000000ffd00000, 0x0000000100000000)
  eden space 374784K, 0% used [0x00000000e0000000,0x00000000e0000000,0x00000000f6e00000)
  from space 70144K, 7% used [0x00000000fb880000,0x00000000fbdaf340,0x00000000ffd00000)
  to   space 73216K, 0% used [0x00000000f6e00000,0x00000000f6e00000,0x00000000fb580000)
 ParOldGen       total 364032K, used 251149K [0x00000000a0000000, 0x00000000b6380000, 0x00000000e0000000)
  object space 364032K, 68% used [0x00000000a0000000,0x00000000af543758,0x00000000b6380000)
 Metaspace       used 94021K, capacity 98026K, committed 98048K, reserved 1134592K
  class space    used 12274K, capacity 13051K, committed 13056K, reserved 1048576K
}

